2023-10-23 14:51:42,223 [INFO] Querying 'facebook_posts_australia' table...
2023-10-23 14:51:45,214 [INFO] 
            SELECT DISTINCT
            platformId, message
            FROM `dmrc-data.WordFlow_AnalyticsEngine.facebook_posts_australia`
            
2023-10-23 14:51:45,214 [INFO] Query successful

2023-10-23 14:51:45,222 [WARNING] Can not find mwt: default from official model list. Ignoring it.
2023-10-23 14:51:45,223 [INFO] Loading these models for language: en (English):
========================
| Processor | Package  |
------------------------
| tokenize  | combined |
| pos       | combined |
| lemma     | combined |
========================

2023-10-23 14:51:45,232 [INFO] Using device: cpu
2023-10-23 14:51:45,232 [INFO] Loading: tokenize
2023-10-23 14:51:45,242 [INFO] Loading: pos
2023-10-23 14:51:45,582 [INFO] Loading: lemma
2023-10-23 14:51:45,612 [INFO] Done loading processors!
2023-10-23 14:51:45,774 [INFO] Processing documents for part-of-speech extraction...
2023-10-23 14:51:45,940 [INFO] Processing documents for part-of-speech extraction...
2023-10-23 14:51:45,995 [INFO] Processing documents for part-of-speech extraction...
2023-10-23 14:51:46,076 [INFO] Processing documents for part-of-speech extraction...
2023-10-23 14:51:46,259 [INFO] Processing documents for part-of-speech extraction...
2023-10-23 14:51:46,610 [INFO] Processing documents for part-of-speech extraction...
2023-10-23 14:51:46,717 [INFO] Processing documents for part-of-speech extraction...
2023-10-23 14:51:46,911 [INFO] Processing documents for part-of-speech extraction...
2023-10-23 14:51:47,026 [INFO] Processing documents for part-of-speech extraction...
2023-10-23 14:51:47,102 [INFO] Processing documents for part-of-speech extraction...
2023-10-23 14:51:47,305 [INFO] Processing documents for part-of-speech extraction...
2023-10-23 14:51:47,388 [INFO] Processing documents for part-of-speech extraction...
2023-10-23 14:51:47,643 [INFO] Processing documents for part-of-speech extraction...
2023-10-23 14:51:47,809 [INFO] Processing documents for part-of-speech extraction...
2023-10-23 14:51:47,867 [INFO] Processing documents for part-of-speech extraction...
2023-10-23 14:51:47,943 [INFO] Processing documents for part-of-speech extraction...
2023-10-23 14:51:48,041 [INFO] Processing documents for part-of-speech extraction...
2023-10-23 14:51:48,163 [INFO] Processing documents for part-of-speech extraction...
2023-10-23 14:51:48,303 [INFO] Processing documents for part-of-speech extraction...
2023-10-23 14:51:48,448 [INFO] Processing documents for part-of-speech extraction...
2023-10-23 14:51:48,572 [INFO] Processing documents for part-of-speech extraction...
2023-10-23 14:51:48,896 [INFO] Processing documents for part-of-speech extraction...
2023-10-23 14:51:49,209 [INFO] Processing documents for part-of-speech extraction...
2023-10-23 14:51:49,273 [INFO] Processing documents for part-of-speech extraction...
2023-10-23 14:51:49,369 [INFO] Processing documents for part-of-speech extraction...
2023-10-23 14:51:49,579 [INFO] Processing documents for part-of-speech extraction...
2023-10-23 14:51:49,720 [INFO] Processing documents for part-of-speech extraction...
2023-10-23 14:51:49,823 [INFO] Processing documents for part-of-speech extraction...
2023-10-23 14:51:49,982 [INFO] Processing documents for part-of-speech extraction...
2023-10-23 14:51:50,278 [INFO] Processing documents for part-of-speech extraction...
2023-10-23 14:51:50,438 [INFO] Processing documents for part-of-speech extraction...
2023-10-23 14:51:50,741 [INFO] Processing documents for part-of-speech extraction...
2023-10-23 14:51:50,860 [INFO] Processing documents for part-of-speech extraction...
2023-10-23 14:51:50,993 [INFO] Processing documents for part-of-speech extraction...
2023-10-23 14:51:51,085 [INFO] Processing documents for part-of-speech extraction...
2023-10-23 14:51:51,442 [INFO] Processing documents for part-of-speech extraction...
2023-10-23 14:51:51,593 [INFO] Processing documents for part-of-speech extraction...
2023-10-23 14:51:51,669 [INFO] Processing documents for part-of-speech extraction...
2023-10-23 14:51:51,824 [INFO] Processing documents for part-of-speech extraction...
2023-10-23 14:51:52,039 [INFO] Processing documents for part-of-speech extraction...
2023-10-23 14:51:52,224 [INFO] Processing documents for part-of-speech extraction...
2023-10-23 14:51:52,338 [INFO] Processing documents for part-of-speech extraction...
2023-10-23 14:51:52,449 [INFO] Processing documents for part-of-speech extraction...
2023-10-23 14:51:52,645 [INFO] Processing documents for part-of-speech extraction...
2023-10-23 14:51:52,841 [INFO] Processing documents for part-of-speech extraction...
2023-10-23 14:51:52,907 [INFO] Processing documents for part-of-speech extraction...
2023-10-23 14:51:53,043 [INFO] Processing documents for part-of-speech extraction...
2023-10-23 14:51:53,224 [INFO] Processing documents for part-of-speech extraction...
2023-10-23 14:51:53,348 [INFO] Processing documents for part-of-speech extraction...
2023-10-23 14:51:53,385 [INFO] Processing documents for part-of-speech extraction...
2023-10-23 14:51:53,476 [INFO] Processing documents for part-of-speech extraction...
2023-10-23 14:51:53,628 [INFO] Processing documents for part-of-speech extraction...
2023-10-23 14:51:53,717 [INFO] Processing documents for part-of-speech extraction...
2023-10-23 14:51:53,904 [INFO] Processing documents for part-of-speech extraction...
2023-10-23 14:51:54,049 [INFO] Processing documents for part-of-speech extraction...
2023-10-23 14:51:54,212 [INFO] Processing documents for part-of-speech extraction...
2023-10-23 14:51:54,373 [INFO] Processing documents for part-of-speech extraction...
2023-10-23 14:51:54,554 [INFO] Processing documents for part-of-speech extraction...
2023-10-23 14:51:54,767 [INFO] Processing documents for part-of-speech extraction...
2023-10-23 14:51:54,897 [INFO] Processing documents for part-of-speech extraction...
2023-10-23 14:51:54,996 [INFO] Processing documents for part-of-speech extraction...
2023-10-23 14:51:55,250 [INFO] Processing documents for part-of-speech extraction...
2023-10-23 14:51:55,382 [INFO] Processing documents for part-of-speech extraction...
2023-10-23 14:51:55,560 [INFO] Processing documents for part-of-speech extraction...
2023-10-23 14:51:55,748 [INFO] Processing documents for part-of-speech extraction...
2023-10-23 14:51:55,828 [INFO] Processing documents for part-of-speech extraction...
2023-10-23 14:51:56,054 [INFO] Processing documents for part-of-speech extraction...
2023-10-23 14:51:56,152 [INFO] Processing documents for part-of-speech extraction...
2023-10-23 14:51:56,230 [INFO] Processing documents for part-of-speech extraction...
2023-10-23 14:51:56,414 [INFO] Processing documents for part-of-speech extraction...
2023-10-23 14:51:56,493 [INFO] Processing documents for part-of-speech extraction...
2023-10-23 14:51:56,615 [INFO] Processing documents for part-of-speech extraction...
2023-10-23 14:51:56,847 [INFO] Processing documents for part-of-speech extraction...
2023-10-23 14:51:56,994 [INFO] Processing documents for part-of-speech extraction...
2023-10-23 14:51:57,087 [INFO] Processing documents for part-of-speech extraction...
2023-10-23 14:51:57,189 [INFO] Processing documents for part-of-speech extraction...
2023-10-23 14:51:57,219 [INFO] Processing documents for part-of-speech extraction...
2023-10-23 14:51:57,330 [INFO] Processing documents for part-of-speech extraction...
2023-10-23 14:51:57,399 [INFO] Processing documents for part-of-speech extraction...
2023-10-23 14:51:57,504 [INFO] Processing documents for part-of-speech extraction...
2023-10-23 14:51:57,583 [INFO] Processing documents for part-of-speech extraction...
2023-10-23 14:51:57,708 [INFO] Processing documents for part-of-speech extraction...
2023-10-23 14:51:57,795 [INFO] Processing documents for part-of-speech extraction...
2023-10-23 14:51:57,899 [INFO] Processing documents for part-of-speech extraction...
2023-10-23 14:51:58,015 [INFO] Processing documents for part-of-speech extraction...
2023-10-23 14:51:58,114 [INFO] Processing documents for part-of-speech extraction...
2023-10-23 14:51:58,235 [INFO] Processing documents for part-of-speech extraction...
2023-10-23 14:51:58,281 [INFO] Processing documents for part-of-speech extraction...
2023-10-23 14:51:58,338 [INFO] Processing documents for part-of-speech extraction...
2023-10-23 14:51:58,399 [INFO] Processing documents for part-of-speech extraction...
2023-10-23 14:51:58,418 [INFO] Writing entities to csv...
2023-10-23 14:51:58,441 [INFO] Pushing entities to BigQuery...
2023-10-23 14:51:58,811 [INFO] Dataset dmrc-data.WordFlow_AnalyticsEngine already exists
2023-10-23 14:51:58,811 [INFO] Pushing temp file to BigQuery dataset...
2023-10-23 14:51:59,126 [INFO] Table exists
