2023-10-23 14:50:03,412 [INFO] Querying 'facebook_posts_australia' table...
2023-10-23 14:50:06,389 [INFO] 
            SELECT DISTINCT
            platformId, message
            FROM `dmrc-data.WordFlow_AnalyticsEngine.facebook_posts_australia`
            
2023-10-23 14:50:06,389 [INFO] Query successful

2023-10-23 14:50:06,400 [WARNING] Can not find mwt: default from official model list. Ignoring it.
2023-10-23 14:50:06,400 [INFO] Loading these models for language: en (English):
========================
| Processor | Package  |
------------------------
| tokenize  | combined |
| pos       | combined |
| lemma     | combined |
========================

2023-10-23 14:50:06,416 [INFO] Using device: cpu
2023-10-23 14:50:06,416 [INFO] Loading: tokenize
2023-10-23 14:50:06,427 [INFO] Loading: pos
2023-10-23 14:50:06,766 [INFO] Loading: lemma
2023-10-23 14:50:06,797 [INFO] Done loading processors!
2023-10-23 14:50:06,982 [INFO] Processing documents for part-of-speech extraction...
