2023-10-23 15:33:05,432 [INFO] Querying 'facebook_posts_australia' table...
2023-10-23 15:33:08,433 [INFO] 
            SELECT DISTINCT
            platformId, message
            FROM `dmrc-data.WordFlow_AnalyticsEngine.facebook_posts_australia`
            
2023-10-23 15:33:08,434 [INFO] Query successful

2023-10-23 15:33:09,916 [INFO] Processing documents for part-of-speech extraction...
2023-10-23 15:33:09,932 [INFO] Processing documents for part-of-speech extraction...
2023-10-23 15:33:09,942 [INFO] Processing documents for part-of-speech extraction...
2023-10-23 15:33:09,974 [INFO] Processing documents for part-of-speech extraction...
2023-10-23 15:33:10,006 [INFO] Processing documents for part-of-speech extraction...
2023-10-23 15:33:10,040 [INFO] Processing documents for part-of-speech extraction...
2023-10-23 15:33:10,057 [INFO] Processing documents for part-of-speech extraction...
2023-10-23 15:33:10,089 [INFO] Processing documents for part-of-speech extraction...
2023-10-23 15:33:10,108 [INFO] Processing documents for part-of-speech extraction...
2023-10-23 15:33:10,122 [INFO] Processing documents for part-of-speech extraction...
2023-10-23 15:33:10,147 [INFO] Processing documents for part-of-speech extraction...
2023-10-23 15:33:10,160 [INFO] Processing documents for part-of-speech extraction...
2023-10-23 15:33:10,188 [INFO] Processing documents for part-of-speech extraction...
2023-10-23 15:33:10,204 [INFO] Processing documents for part-of-speech extraction...
2023-10-23 15:33:10,212 [INFO] Processing documents for part-of-speech extraction...
2023-10-23 15:33:10,221 [INFO] Processing documents for part-of-speech extraction...
2023-10-23 15:33:10,232 [INFO] Processing documents for part-of-speech extraction...
2023-10-23 15:33:10,246 [INFO] Processing documents for part-of-speech extraction...
2023-10-23 15:33:10,268 [INFO] Processing documents for part-of-speech extraction...
2023-10-23 15:33:10,281 [INFO] Processing documents for part-of-speech extraction...
2023-10-23 15:33:10,294 [INFO] Processing documents for part-of-speech extraction...
2023-10-23 15:33:10,321 [INFO] Processing documents for part-of-speech extraction...
2023-10-23 15:33:10,364 [INFO] Processing documents for part-of-speech extraction...
2023-10-23 15:33:10,379 [INFO] Processing documents for part-of-speech extraction...
2023-10-23 15:33:10,395 [INFO] Processing documents for part-of-speech extraction...
2023-10-23 15:33:10,437 [INFO] Processing documents for part-of-speech extraction...
2023-10-23 15:33:10,466 [INFO] Processing documents for part-of-speech extraction...
2023-10-23 15:33:10,484 [INFO] Processing documents for part-of-speech extraction...
2023-10-23 15:33:10,498 [INFO] Processing documents for part-of-speech extraction...
2023-10-23 15:33:10,555 [INFO] Processing documents for part-of-speech extraction...
2023-10-23 15:33:10,581 [INFO] Processing documents for part-of-speech extraction...
2023-10-23 15:33:10,621 [INFO] Processing documents for part-of-speech extraction...
2023-10-23 15:33:10,642 [INFO] Processing documents for part-of-speech extraction...
2023-10-23 15:33:10,665 [INFO] Processing documents for part-of-speech extraction...
2023-10-23 15:33:10,682 [INFO] Processing documents for part-of-speech extraction...
2023-10-23 15:33:10,722 [INFO] Processing documents for part-of-speech extraction...
2023-10-23 15:33:10,746 [INFO] Processing documents for part-of-speech extraction...
2023-10-23 15:33:10,754 [INFO] Processing documents for part-of-speech extraction...
2023-10-23 15:33:10,774 [INFO] Processing documents for part-of-speech extraction...
2023-10-23 15:33:10,794 [INFO] Processing documents for part-of-speech extraction...
2023-10-23 15:33:10,814 [INFO] Processing documents for part-of-speech extraction...
2023-10-23 15:33:10,831 [INFO] Processing documents for part-of-speech extraction...
2023-10-23 15:33:10,845 [INFO] Processing documents for part-of-speech extraction...
2023-10-23 15:33:10,861 [INFO] Processing documents for part-of-speech extraction...
2023-10-23 15:33:10,875 [INFO] Processing documents for part-of-speech extraction...
2023-10-23 15:33:10,884 [INFO] Processing documents for part-of-speech extraction...
2023-10-23 15:33:10,894 [INFO] Processing documents for part-of-speech extraction...
2023-10-23 15:33:10,911 [INFO] Processing documents for part-of-speech extraction...
2023-10-23 15:33:10,929 [INFO] Processing documents for part-of-speech extraction...
2023-10-23 15:33:10,941 [INFO] Processing documents for part-of-speech extraction...
2023-10-23 15:33:10,951 [INFO] Processing documents for part-of-speech extraction...
2023-10-23 15:33:10,964 [INFO] Processing documents for part-of-speech extraction...
2023-10-23 15:33:10,977 [INFO] Processing documents for part-of-speech extraction...
2023-10-23 15:33:10,992 [INFO] Processing documents for part-of-speech extraction...
2023-10-23 15:33:11,003 [INFO] Processing documents for part-of-speech extraction...
2023-10-23 15:33:11,022 [INFO] Processing documents for part-of-speech extraction...
2023-10-23 15:33:11,034 [INFO] Processing documents for part-of-speech extraction...
2023-10-23 15:33:11,046 [INFO] Processing documents for part-of-speech extraction...
2023-10-23 15:33:11,066 [INFO] Processing documents for part-of-speech extraction...
2023-10-23 15:33:11,086 [INFO] Processing documents for part-of-speech extraction...
2023-10-23 15:33:11,099 [INFO] Processing documents for part-of-speech extraction...
2023-10-23 15:33:11,134 [INFO] Processing documents for part-of-speech extraction...
2023-10-23 15:33:11,149 [INFO] Processing documents for part-of-speech extraction...
2023-10-23 15:33:11,175 [INFO] Processing documents for part-of-speech extraction...
2023-10-23 15:33:11,190 [INFO] Processing documents for part-of-speech extraction...
2023-10-23 15:33:11,199 [INFO] Processing documents for part-of-speech extraction...
2023-10-23 15:33:11,219 [INFO] Processing documents for part-of-speech extraction...
2023-10-23 15:33:11,240 [INFO] Processing documents for part-of-speech extraction...
2023-10-23 15:33:11,257 [INFO] Processing documents for part-of-speech extraction...
2023-10-23 15:33:11,293 [INFO] Processing documents for part-of-speech extraction...
2023-10-23 15:33:11,305 [INFO] Processing documents for part-of-speech extraction...
2023-10-23 15:33:11,318 [INFO] Processing documents for part-of-speech extraction...
2023-10-23 15:33:11,356 [INFO] Processing documents for part-of-speech extraction...
2023-10-23 15:33:11,376 [INFO] Processing documents for part-of-speech extraction...
2023-10-23 15:33:11,390 [INFO] Processing documents for part-of-speech extraction...
2023-10-23 15:33:11,407 [INFO] Processing documents for part-of-speech extraction...
2023-10-23 15:33:11,417 [INFO] Processing documents for part-of-speech extraction...
2023-10-23 15:33:11,433 [INFO] Processing documents for part-of-speech extraction...
2023-10-23 15:33:11,443 [INFO] Processing documents for part-of-speech extraction...
2023-10-23 15:33:11,453 [INFO] Processing documents for part-of-speech extraction...
2023-10-23 15:33:11,463 [INFO] Processing documents for part-of-speech extraction...
2023-10-23 15:33:11,476 [INFO] Processing documents for part-of-speech extraction...
2023-10-23 15:33:11,490 [INFO] Processing documents for part-of-speech extraction...
2023-10-23 15:33:11,499 [INFO] Processing documents for part-of-speech extraction...
2023-10-23 15:33:11,512 [INFO] Processing documents for part-of-speech extraction...
2023-10-23 15:33:11,523 [INFO] Processing documents for part-of-speech extraction...
2023-10-23 15:33:11,533 [INFO] Processing documents for part-of-speech extraction...
2023-10-23 15:33:11,542 [INFO] Processing documents for part-of-speech extraction...
2023-10-23 15:33:11,553 [INFO] Processing documents for part-of-speech extraction...
2023-10-23 15:33:11,563 [INFO] Processing documents for part-of-speech extraction...
2023-10-23 15:33:11,584 [INFO] Writing pos to csv...
2023-10-23 15:33:11,637 [INFO] Pushing pos to BigQuery...
2023-10-23 15:33:12,088 [INFO] Dataset dmrc-data.WordFlow_AnalyticsEngine already exists
2023-10-23 15:33:12,089 [INFO] Pushing temp file to BigQuery dataset...
2023-10-23 15:33:12,498 [INFO] Table exists
2023-10-23 15:33:22,124 [INFO] Loaded records rows and 49 columns to dmrc-data.WordFlow_AnalyticsEngine.facebook_posts_australiapart_of_speech
2023-10-23 15:33:22,128 [INFO] pos successfully pushed to BigQuery!

