2023-10-23 15:06:48,260 [INFO] Querying 'facebook_posts_australia' table...
2023-10-23 15:06:51,150 [INFO] 
            SELECT DISTINCT
            platformId, message
            FROM `dmrc-data.WordFlow_AnalyticsEngine.facebook_posts_australia`
            
2023-10-23 15:06:51,150 [INFO] Query successful

2023-10-23 15:06:52,602 [INFO] Processing documents for part-of-speech extraction...
2023-10-23 15:06:52,622 [INFO] Processing documents for part-of-speech extraction...
2023-10-23 15:06:52,631 [INFO] Processing documents for part-of-speech extraction...
2023-10-23 15:06:52,657 [INFO] Processing documents for part-of-speech extraction...
2023-10-23 15:06:52,687 [INFO] Processing documents for part-of-speech extraction...
2023-10-23 15:06:52,731 [INFO] Processing documents for part-of-speech extraction...
2023-10-23 15:06:52,754 [INFO] Processing documents for part-of-speech extraction...
2023-10-23 15:06:52,781 [INFO] Processing documents for part-of-speech extraction...
2023-10-23 15:06:52,806 [INFO] Processing documents for part-of-speech extraction...
2023-10-23 15:06:52,821 [INFO] Processing documents for part-of-speech extraction...
2023-10-23 15:06:52,847 [INFO] Processing documents for part-of-speech extraction...
2023-10-23 15:06:52,865 [INFO] Processing documents for part-of-speech extraction...
2023-10-23 15:06:52,910 [INFO] Processing documents for part-of-speech extraction...
2023-10-23 15:06:52,927 [INFO] Processing documents for part-of-speech extraction...
2023-10-23 15:06:52,931 [INFO] Processing documents for part-of-speech extraction...
2023-10-23 15:06:52,948 [INFO] Processing documents for part-of-speech extraction...
2023-10-23 15:06:52,960 [INFO] Processing documents for part-of-speech extraction...
2023-10-23 15:06:52,977 [INFO] Processing documents for part-of-speech extraction...
2023-10-23 15:06:52,990 [INFO] Processing documents for part-of-speech extraction...
2023-10-23 15:06:53,003 [INFO] Processing documents for part-of-speech extraction...
2023-10-23 15:06:53,025 [INFO] Processing documents for part-of-speech extraction...
2023-10-23 15:06:53,073 [INFO] Processing documents for part-of-speech extraction...
2023-10-23 15:06:53,140 [INFO] Processing documents for part-of-speech extraction...
2023-10-23 15:06:53,155 [INFO] Processing documents for part-of-speech extraction...
2023-10-23 15:06:53,180 [INFO] Processing documents for part-of-speech extraction...
2023-10-23 15:06:53,225 [INFO] Processing documents for part-of-speech extraction...
2023-10-23 15:06:53,239 [INFO] Processing documents for part-of-speech extraction...
2023-10-23 15:06:53,252 [INFO] Processing documents for part-of-speech extraction...
2023-10-23 15:06:53,265 [INFO] Processing documents for part-of-speech extraction...
2023-10-23 15:06:53,297 [INFO] Processing documents for part-of-speech extraction...
2023-10-23 15:06:53,314 [INFO] Processing documents for part-of-speech extraction...
2023-10-23 15:06:53,344 [INFO] Processing documents for part-of-speech extraction...
2023-10-23 15:06:53,355 [INFO] Processing documents for part-of-speech extraction...
2023-10-23 15:06:53,377 [INFO] Processing documents for part-of-speech extraction...
2023-10-23 15:06:53,388 [INFO] Processing documents for part-of-speech extraction...
2023-10-23 15:06:53,422 [INFO] Processing documents for part-of-speech extraction...
2023-10-23 15:06:53,439 [INFO] Processing documents for part-of-speech extraction...
2023-10-23 15:06:53,450 [INFO] Processing documents for part-of-speech extraction...
2023-10-23 15:06:53,465 [INFO] Processing documents for part-of-speech extraction...
2023-10-23 15:06:53,480 [INFO] Processing documents for part-of-speech extraction...
2023-10-23 15:06:53,514 [INFO] Processing documents for part-of-speech extraction...
2023-10-23 15:06:53,531 [INFO] Processing documents for part-of-speech extraction...
2023-10-23 15:06:53,553 [INFO] Processing documents for part-of-speech extraction...
2023-10-23 15:06:53,573 [INFO] Processing documents for part-of-speech extraction...
2023-10-23 15:06:53,598 [INFO] Processing documents for part-of-speech extraction...
2023-10-23 15:06:53,611 [INFO] Processing documents for part-of-speech extraction...
2023-10-23 15:06:53,625 [INFO] Processing documents for part-of-speech extraction...
2023-10-23 15:06:53,652 [INFO] Processing documents for part-of-speech extraction...
2023-10-23 15:06:53,665 [INFO] Processing documents for part-of-speech extraction...
2023-10-23 15:06:53,681 [INFO] Processing documents for part-of-speech extraction...
2023-10-23 15:06:53,698 [INFO] Processing documents for part-of-speech extraction...
2023-10-23 15:06:53,720 [INFO] Processing documents for part-of-speech extraction...
2023-10-23 15:06:53,731 [INFO] Processing documents for part-of-speech extraction...
2023-10-23 15:06:53,748 [INFO] Processing documents for part-of-speech extraction...
2023-10-23 15:06:53,764 [INFO] Processing documents for part-of-speech extraction...
2023-10-23 15:06:53,780 [INFO] Processing documents for part-of-speech extraction...
2023-10-23 15:06:53,798 [INFO] Processing documents for part-of-speech extraction...
2023-10-23 15:06:53,806 [INFO] Processing documents for part-of-speech extraction...
2023-10-23 15:06:53,823 [INFO] Processing documents for part-of-speech extraction...
2023-10-23 15:06:53,839 [INFO] Processing documents for part-of-speech extraction...
2023-10-23 15:06:53,856 [INFO] Processing documents for part-of-speech extraction...
2023-10-23 15:06:53,888 [INFO] Processing documents for part-of-speech extraction...
2023-10-23 15:06:53,898 [INFO] Processing documents for part-of-speech extraction...
2023-10-23 15:06:53,914 [INFO] Processing documents for part-of-speech extraction...
2023-10-23 15:06:53,931 [INFO] Processing documents for part-of-speech extraction...
2023-10-23 15:06:53,948 [INFO] Processing documents for part-of-speech extraction...
2023-10-23 15:06:53,965 [INFO] Processing documents for part-of-speech extraction...
2023-10-23 15:06:53,982 [INFO] Processing documents for part-of-speech extraction...
2023-10-23 15:06:53,999 [INFO] Processing documents for part-of-speech extraction...
2023-10-23 15:06:54,027 [INFO] Processing documents for part-of-speech extraction...
2023-10-23 15:06:54,048 [INFO] Processing documents for part-of-speech extraction...
2023-10-23 15:06:54,065 [INFO] Processing documents for part-of-speech extraction...
2023-10-23 15:06:54,091 [INFO] Processing documents for part-of-speech extraction...
2023-10-23 15:06:54,111 [INFO] Processing documents for part-of-speech extraction...
2023-10-23 15:06:54,122 [INFO] Processing documents for part-of-speech extraction...
2023-10-23 15:06:54,133 [INFO] Processing documents for part-of-speech extraction...
2023-10-23 15:06:54,146 [INFO] Processing documents for part-of-speech extraction...
2023-10-23 15:06:54,160 [INFO] Processing documents for part-of-speech extraction...
2023-10-23 15:06:54,164 [INFO] Processing documents for part-of-speech extraction...
2023-10-23 15:06:54,178 [INFO] Processing documents for part-of-speech extraction...
2023-10-23 15:06:54,191 [INFO] Processing documents for part-of-speech extraction...
2023-10-23 15:06:54,198 [INFO] Processing documents for part-of-speech extraction...
2023-10-23 15:06:54,214 [INFO] Processing documents for part-of-speech extraction...
2023-10-23 15:06:54,224 [INFO] Processing documents for part-of-speech extraction...
2023-10-23 15:06:54,234 [INFO] Processing documents for part-of-speech extraction...
2023-10-23 15:06:54,248 [INFO] Processing documents for part-of-speech extraction...
2023-10-23 15:06:54,257 [INFO] Processing documents for part-of-speech extraction...
2023-10-23 15:06:54,268 [INFO] Processing documents for part-of-speech extraction...
2023-10-23 15:06:54,271 [INFO] Processing documents for part-of-speech extraction...
2023-10-23 15:06:54,282 [INFO] Processing documents for part-of-speech extraction...
2023-10-23 15:06:54,298 [INFO] Writing entities to csv...
2023-10-23 15:06:54,334 [INFO] Pushing entities to BigQuery...
2023-10-23 15:06:54,721 [INFO] Dataset dmrc-data.WordFlow_AnalyticsEngine already exists
2023-10-23 15:06:54,721 [INFO] Pushing temp file to BigQuery dataset...
2023-10-23 15:06:55,120 [INFO] Table exists
2023-10-23 15:07:02,809 [INFO] Loaded records rows and 49 columns to dmrc-data.WordFlow_AnalyticsEngine.facebook_posts_australia_part_of_speech_
2023-10-23 15:07:02,809 [INFO] Entities successfully pushed to BigQuery!

