2023-10-23 14:54:50,341 [INFO] Querying 'facebook_posts_australia' table...
2023-10-23 14:54:53,425 [INFO] 
            SELECT DISTINCT
            platformId, message
            FROM `dmrc-data.WordFlow_AnalyticsEngine.facebook_posts_australia`
            
2023-10-23 14:54:53,425 [INFO] Query successful

2023-10-23 14:54:53,438 [WARNING] Can not find mwt: default from official model list. Ignoring it.
2023-10-23 14:54:53,441 [INFO] Loading these models for language: en (English):
========================
| Processor | Package  |
------------------------
| tokenize  | combined |
| pos       | combined |
| lemma     | combined |
========================

2023-10-23 14:54:53,455 [INFO] Using device: cpu
2023-10-23 14:54:53,460 [INFO] Loading: tokenize
2023-10-23 14:54:53,473 [INFO] Loading: pos
2023-10-23 14:54:53,874 [INFO] Loading: lemma
2023-10-23 14:54:53,905 [INFO] Done loading processors!
2023-10-23 14:54:54,052 [INFO] Processing documents for part-of-speech extraction...
2023-10-23 14:54:54,216 [INFO] Processing documents for part-of-speech extraction...
2023-10-23 14:54:54,270 [INFO] Processing documents for part-of-speech extraction...
2023-10-23 14:54:54,359 [INFO] Processing documents for part-of-speech extraction...
2023-10-23 14:54:54,520 [INFO] Processing documents for part-of-speech extraction...
2023-10-23 14:54:54,873 [INFO] Processing documents for part-of-speech extraction...
2023-10-23 14:54:54,981 [INFO] Processing documents for part-of-speech extraction...
2023-10-23 14:54:55,183 [INFO] Processing documents for part-of-speech extraction...
2023-10-23 14:54:55,295 [INFO] Processing documents for part-of-speech extraction...
2023-10-23 14:54:55,372 [INFO] Processing documents for part-of-speech extraction...
2023-10-23 14:54:55,559 [INFO] Processing documents for part-of-speech extraction...
2023-10-23 14:54:55,640 [INFO] Processing documents for part-of-speech extraction...
2023-10-23 14:54:55,911 [INFO] Processing documents for part-of-speech extraction...
2023-10-23 14:54:56,064 [INFO] Processing documents for part-of-speech extraction...
2023-10-23 14:54:56,125 [INFO] Processing documents for part-of-speech extraction...
2023-10-23 14:54:56,206 [INFO] Processing documents for part-of-speech extraction...
2023-10-23 14:54:56,300 [INFO] Processing documents for part-of-speech extraction...
2023-10-23 14:54:56,418 [INFO] Processing documents for part-of-speech extraction...
2023-10-23 14:54:56,561 [INFO] Processing documents for part-of-speech extraction...
2023-10-23 14:54:56,712 [INFO] Processing documents for part-of-speech extraction...
2023-10-23 14:54:56,838 [INFO] Processing documents for part-of-speech extraction...
2023-10-23 14:54:57,155 [INFO] Processing documents for part-of-speech extraction...
2023-10-23 14:54:57,482 [INFO] Processing documents for part-of-speech extraction...
2023-10-23 14:54:57,548 [INFO] Processing documents for part-of-speech extraction...
2023-10-23 14:54:57,647 [INFO] Processing documents for part-of-speech extraction...
2023-10-23 14:54:57,871 [INFO] Processing documents for part-of-speech extraction...
2023-10-23 14:54:58,015 [INFO] Processing documents for part-of-speech extraction...
2023-10-23 14:54:58,124 [INFO] Processing documents for part-of-speech extraction...
2023-10-23 14:54:58,276 [INFO] Processing documents for part-of-speech extraction...
2023-10-23 14:54:58,592 [INFO] Processing documents for part-of-speech extraction...
2023-10-23 14:54:58,744 [INFO] Processing documents for part-of-speech extraction...
2023-10-23 14:54:59,051 [INFO] Processing documents for part-of-speech extraction...
2023-10-23 14:54:59,176 [INFO] Processing documents for part-of-speech extraction...
2023-10-23 14:54:59,334 [INFO] Processing documents for part-of-speech extraction...
2023-10-23 14:54:59,417 [INFO] Processing documents for part-of-speech extraction...
2023-10-23 14:54:59,795 [INFO] Processing documents for part-of-speech extraction...
2023-10-23 14:54:59,939 [INFO] Processing documents for part-of-speech extraction...
2023-10-23 14:55:00,017 [INFO] Processing documents for part-of-speech extraction...
2023-10-23 14:55:00,176 [INFO] Processing documents for part-of-speech extraction...
2023-10-23 14:55:00,388 [INFO] Processing documents for part-of-speech extraction...
2023-10-23 14:55:00,583 [INFO] Processing documents for part-of-speech extraction...
2023-10-23 14:55:00,695 [INFO] Processing documents for part-of-speech extraction...
2023-10-23 14:55:00,818 [INFO] Processing documents for part-of-speech extraction...
2023-10-23 14:55:01,010 [INFO] Processing documents for part-of-speech extraction...
2023-10-23 14:55:01,216 [INFO] Processing documents for part-of-speech extraction...
2023-10-23 14:55:01,282 [INFO] Processing documents for part-of-speech extraction...
2023-10-23 14:55:01,418 [INFO] Processing documents for part-of-speech extraction...
2023-10-23 14:55:01,596 [INFO] Processing documents for part-of-speech extraction...
2023-10-23 14:55:01,719 [INFO] Processing documents for part-of-speech extraction...
2023-10-23 14:55:01,760 [INFO] Processing documents for part-of-speech extraction...
2023-10-23 14:55:01,852 [INFO] Processing documents for part-of-speech extraction...
2023-10-23 14:55:01,994 [INFO] Processing documents for part-of-speech extraction...
2023-10-23 14:55:02,078 [INFO] Processing documents for part-of-speech extraction...
2023-10-23 14:55:02,261 [INFO] Processing documents for part-of-speech extraction...
2023-10-23 14:55:02,417 [INFO] Processing documents for part-of-speech extraction...
2023-10-23 14:55:02,578 [INFO] Processing documents for part-of-speech extraction...
2023-10-23 14:55:02,728 [INFO] Processing documents for part-of-speech extraction...
2023-10-23 14:55:02,902 [INFO] Processing documents for part-of-speech extraction...
2023-10-23 14:55:03,106 [INFO] Processing documents for part-of-speech extraction...
2023-10-23 14:55:03,241 [INFO] Processing documents for part-of-speech extraction...
2023-10-23 14:55:03,335 [INFO] Processing documents for part-of-speech extraction...
2023-10-23 14:55:03,590 [INFO] Processing documents for part-of-speech extraction...
2023-10-23 14:55:03,726 [INFO] Processing documents for part-of-speech extraction...
2023-10-23 14:55:03,896 [INFO] Processing documents for part-of-speech extraction...
2023-10-23 14:55:04,069 [INFO] Processing documents for part-of-speech extraction...
2023-10-23 14:55:04,148 [INFO] Processing documents for part-of-speech extraction...
2023-10-23 14:55:04,367 [INFO] Processing documents for part-of-speech extraction...
2023-10-23 14:55:04,465 [INFO] Processing documents for part-of-speech extraction...
2023-10-23 14:55:04,539 [INFO] Processing documents for part-of-speech extraction...
2023-10-23 14:55:04,717 [INFO] Processing documents for part-of-speech extraction...
2023-10-23 14:55:04,786 [INFO] Processing documents for part-of-speech extraction...
2023-10-23 14:55:04,902 [INFO] Processing documents for part-of-speech extraction...
2023-10-23 14:55:05,116 [INFO] Processing documents for part-of-speech extraction...
2023-10-23 14:55:05,263 [INFO] Processing documents for part-of-speech extraction...
2023-10-23 14:55:05,351 [INFO] Processing documents for part-of-speech extraction...
2023-10-23 14:55:05,443 [INFO] Processing documents for part-of-speech extraction...
2023-10-23 14:55:05,477 [INFO] Processing documents for part-of-speech extraction...
2023-10-23 14:55:05,589 [INFO] Processing documents for part-of-speech extraction...
2023-10-23 14:55:05,653 [INFO] Processing documents for part-of-speech extraction...
2023-10-23 14:55:05,755 [INFO] Processing documents for part-of-speech extraction...
2023-10-23 14:55:05,837 [INFO] Processing documents for part-of-speech extraction...
2023-10-23 14:55:05,952 [INFO] Processing documents for part-of-speech extraction...
2023-10-23 14:55:06,035 [INFO] Processing documents for part-of-speech extraction...
2023-10-23 14:55:06,131 [INFO] Processing documents for part-of-speech extraction...
2023-10-23 14:55:06,226 [INFO] Processing documents for part-of-speech extraction...
2023-10-23 14:55:06,334 [INFO] Processing documents for part-of-speech extraction...
2023-10-23 14:55:06,446 [INFO] Processing documents for part-of-speech extraction...
2023-10-23 14:55:06,495 [INFO] Processing documents for part-of-speech extraction...
2023-10-23 14:55:06,548 [INFO] Processing documents for part-of-speech extraction...
2023-10-23 14:55:06,610 [INFO] Processing documents for part-of-speech extraction...
2023-10-23 14:55:06,620 [INFO] Writing entities to csv...
2023-10-23 14:55:06,641 [INFO] Pushing entities to BigQuery...
2023-10-23 14:55:07,124 [INFO] Dataset dmrc-data.WordFlow_AnalyticsEngine already exists
2023-10-23 14:55:07,124 [INFO] Pushing temp file to BigQuery dataset...
2023-10-23 14:55:07,437 [INFO] Table exists
2023-10-23 14:55:17,059 [INFO] Loaded records rows and 49 columns to dmrc-data.WordFlow_AnalyticsEngine.facebook_posts_australia_part_of_speech_
2023-10-23 14:55:17,059 [INFO] Entities successfully pushed to BigQuery!

