2023-10-23 15:34:21,011 [INFO] Querying 'facebook_posts_australia' table...
2023-10-23 15:34:24,003 [INFO] 
            SELECT DISTINCT
            platformId, message
            FROM `dmrc-data.WordFlow_AnalyticsEngine.facebook_posts_australia`
            
2023-10-23 15:34:24,008 [INFO] Query successful

2023-10-23 15:34:24,013 [WARNING] Can not find mwt: default from official model list. Ignoring it.
2023-10-23 15:34:24,015 [INFO] Loading these models for language: en (English):
========================
| Processor | Package  |
------------------------
| tokenize  | combined |
| pos       | combined |
| lemma     | combined |
========================

2023-10-23 15:34:24,028 [INFO] Using device: cpu
2023-10-23 15:34:24,028 [INFO] Loading: tokenize
2023-10-23 15:34:24,046 [INFO] Loading: pos
2023-10-23 15:34:24,403 [INFO] Loading: lemma
2023-10-23 15:34:24,436 [INFO] Done loading processors!
2023-10-23 15:34:24,611 [INFO] Processing documents for part-of-speech extraction...
2023-10-23 15:34:24,783 [INFO] Processing documents for part-of-speech extraction...
2023-10-23 15:34:24,845 [INFO] Processing documents for part-of-speech extraction...
2023-10-23 15:34:24,936 [INFO] Processing documents for part-of-speech extraction...
2023-10-23 15:34:25,131 [INFO] Processing documents for part-of-speech extraction...
2023-10-23 15:34:25,534 [INFO] Processing documents for part-of-speech extraction...
2023-10-23 15:34:25,660 [INFO] Processing documents for part-of-speech extraction...
2023-10-23 15:34:25,875 [INFO] Processing documents for part-of-speech extraction...
2023-10-23 15:34:25,999 [INFO] Processing documents for part-of-speech extraction...
2023-10-23 15:34:26,086 [INFO] Processing documents for part-of-speech extraction...
2023-10-23 15:34:26,303 [INFO] Processing documents for part-of-speech extraction...
2023-10-23 15:34:26,395 [INFO] Processing documents for part-of-speech extraction...
2023-10-23 15:34:26,694 [INFO] Processing documents for part-of-speech extraction...
2023-10-23 15:34:26,871 [INFO] Processing documents for part-of-speech extraction...
2023-10-23 15:34:26,935 [INFO] Processing documents for part-of-speech extraction...
2023-10-23 15:34:27,027 [INFO] Processing documents for part-of-speech extraction...
2023-10-23 15:34:27,128 [INFO] Processing documents for part-of-speech extraction...
2023-10-23 15:34:27,254 [INFO] Processing documents for part-of-speech extraction...
2023-10-23 15:34:27,403 [INFO] Processing documents for part-of-speech extraction...
2023-10-23 15:34:27,580 [INFO] Processing documents for part-of-speech extraction...
2023-10-23 15:34:27,704 [INFO] Processing documents for part-of-speech extraction...
2023-10-23 15:34:28,062 [INFO] Processing documents for part-of-speech extraction...
2023-10-23 15:34:28,414 [INFO] Processing documents for part-of-speech extraction...
2023-10-23 15:34:28,482 [INFO] Processing documents for part-of-speech extraction...
2023-10-23 15:34:28,605 [INFO] Processing documents for part-of-speech extraction...
2023-10-23 15:34:28,856 [INFO] Processing documents for part-of-speech extraction...
2023-10-23 15:34:29,009 [INFO] Processing documents for part-of-speech extraction...
2023-10-23 15:34:29,131 [INFO] Processing documents for part-of-speech extraction...
2023-10-23 15:34:29,299 [INFO] Processing documents for part-of-speech extraction...
2023-10-23 15:34:29,631 [INFO] Processing documents for part-of-speech extraction...
2023-10-23 15:34:29,798 [INFO] Processing documents for part-of-speech extraction...
2023-10-23 15:34:30,136 [INFO] Processing documents for part-of-speech extraction...
2023-10-23 15:34:30,271 [INFO] Processing documents for part-of-speech extraction...
2023-10-23 15:34:30,437 [INFO] Processing documents for part-of-speech extraction...
2023-10-23 15:34:30,531 [INFO] Processing documents for part-of-speech extraction...
2023-10-23 15:34:30,954 [INFO] Processing documents for part-of-speech extraction...
2023-10-23 15:34:31,123 [INFO] Processing documents for part-of-speech extraction...
2023-10-23 15:34:31,199 [INFO] Processing documents for part-of-speech extraction...
2023-10-23 15:34:31,376 [INFO] Processing documents for part-of-speech extraction...
2023-10-23 15:34:31,597 [INFO] Processing documents for part-of-speech extraction...
2023-10-23 15:34:31,829 [INFO] Processing documents for part-of-speech extraction...
2023-10-23 15:34:31,961 [INFO] Processing documents for part-of-speech extraction...
2023-10-23 15:34:32,086 [INFO] Processing documents for part-of-speech extraction...
2023-10-23 15:34:32,301 [INFO] Processing documents for part-of-speech extraction...
2023-10-23 15:34:32,518 [INFO] Processing documents for part-of-speech extraction...
2023-10-23 15:34:32,590 [INFO] Processing documents for part-of-speech extraction...
2023-10-23 15:34:32,740 [INFO] Processing documents for part-of-speech extraction...
2023-10-23 15:34:32,942 [INFO] Processing documents for part-of-speech extraction...
2023-10-23 15:34:33,089 [INFO] Processing documents for part-of-speech extraction...
2023-10-23 15:34:33,138 [INFO] Processing documents for part-of-speech extraction...
2023-10-23 15:34:33,226 [INFO] Processing documents for part-of-speech extraction...
2023-10-23 15:34:33,407 [INFO] Processing documents for part-of-speech extraction...
2023-10-23 15:34:33,501 [INFO] Processing documents for part-of-speech extraction...
2023-10-23 15:34:33,706 [INFO] Processing documents for part-of-speech extraction...
2023-10-23 15:34:33,876 [INFO] Processing documents for part-of-speech extraction...
2023-10-23 15:34:34,042 [INFO] Processing documents for part-of-speech extraction...
2023-10-23 15:34:34,218 [INFO] Processing documents for part-of-speech extraction...
2023-10-23 15:34:34,414 [INFO] Processing documents for part-of-speech extraction...
2023-10-23 15:34:34,640 [INFO] Processing documents for part-of-speech extraction...
2023-10-23 15:34:34,781 [INFO] Processing documents for part-of-speech extraction...
2023-10-23 15:34:34,883 [INFO] Processing documents for part-of-speech extraction...
2023-10-23 15:34:35,165 [INFO] Processing documents for part-of-speech extraction...
2023-10-23 15:34:35,316 [INFO] Processing documents for part-of-speech extraction...
2023-10-23 15:34:35,511 [INFO] Processing documents for part-of-speech extraction...
2023-10-23 15:34:35,717 [INFO] Processing documents for part-of-speech extraction...
2023-10-23 15:34:35,806 [INFO] Processing documents for part-of-speech extraction...
2023-10-23 15:34:36,046 [INFO] Processing documents for part-of-speech extraction...
2023-10-23 15:34:36,149 [INFO] Processing documents for part-of-speech extraction...
2023-10-23 15:34:36,231 [INFO] Processing documents for part-of-speech extraction...
2023-10-23 15:34:36,440 [INFO] Processing documents for part-of-speech extraction...
2023-10-23 15:34:36,515 [INFO] Processing documents for part-of-speech extraction...
2023-10-23 15:34:36,644 [INFO] Processing documents for part-of-speech extraction...
2023-10-23 15:34:36,894 [INFO] Processing documents for part-of-speech extraction...
2023-10-23 15:34:37,050 [INFO] Processing documents for part-of-speech extraction...
2023-10-23 15:34:37,154 [INFO] Processing documents for part-of-speech extraction...
2023-10-23 15:34:37,257 [INFO] Processing documents for part-of-speech extraction...
2023-10-23 15:34:37,294 [INFO] Processing documents for part-of-speech extraction...
2023-10-23 15:34:37,420 [INFO] Processing documents for part-of-speech extraction...
2023-10-23 15:34:37,485 [INFO] Processing documents for part-of-speech extraction...
2023-10-23 15:34:37,596 [INFO] Processing documents for part-of-speech extraction...
2023-10-23 15:34:37,679 [INFO] Processing documents for part-of-speech extraction...
2023-10-23 15:34:37,813 [INFO] Processing documents for part-of-speech extraction...
2023-10-23 15:34:37,910 [INFO] Processing documents for part-of-speech extraction...
2023-10-23 15:34:38,010 [INFO] Processing documents for part-of-speech extraction...
2023-10-23 15:34:38,120 [INFO] Processing documents for part-of-speech extraction...
2023-10-23 15:34:38,227 [INFO] Processing documents for part-of-speech extraction...
2023-10-23 15:34:38,351 [INFO] Processing documents for part-of-speech extraction...
2023-10-23 15:34:38,402 [INFO] Processing documents for part-of-speech extraction...
2023-10-23 15:34:38,461 [INFO] Processing documents for part-of-speech extraction...
2023-10-23 15:34:38,528 [INFO] Processing documents for part-of-speech extraction...
2023-10-23 15:34:38,543 [INFO] Writing pos to csv...
2023-10-23 15:34:38,562 [INFO] Pushing pos to BigQuery...
2023-10-23 15:34:39,026 [INFO] Dataset dmrc-data.WordFlow_AnalyticsEngine already exists
2023-10-23 15:34:39,034 [INFO] Pushing temp file to BigQuery dataset...
2023-10-23 15:34:39,438 [INFO] Table exists
2023-10-23 15:34:48,135 [INFO] Loaded records rows and 49 columns to dmrc-data.WordFlow_AnalyticsEngine.facebook_posts_australiapart_of_speech
2023-10-23 15:34:48,141 [INFO] pos successfully pushed to BigQuery!

