2023-10-23 15:05:39,757 [INFO] Querying 'facebook_posts_australia' table...
2023-10-23 15:05:42,889 [INFO] 
            SELECT DISTINCT
            platformId, message
            FROM `dmrc-data.WordFlow_AnalyticsEngine.facebook_posts_australia`
            
2023-10-23 15:05:42,889 [INFO] Query successful

2023-10-23 15:05:44,917 [INFO] Processing documents for part-of-speech extraction...
2023-10-23 15:05:44,942 [INFO] Processing documents for part-of-speech extraction...
2023-10-23 15:05:44,954 [INFO] Processing documents for part-of-speech extraction...
2023-10-23 15:05:44,983 [INFO] Processing documents for part-of-speech extraction...
2023-10-23 15:05:45,013 [INFO] Processing documents for part-of-speech extraction...
2023-10-23 15:05:45,049 [INFO] Processing documents for part-of-speech extraction...
2023-10-23 15:05:45,082 [INFO] Processing documents for part-of-speech extraction...
2023-10-23 15:05:45,118 [INFO] Processing documents for part-of-speech extraction...
2023-10-23 15:05:45,150 [INFO] Processing documents for part-of-speech extraction...
2023-10-23 15:05:45,165 [INFO] Processing documents for part-of-speech extraction...
2023-10-23 15:05:45,209 [INFO] Processing documents for part-of-speech extraction...
2023-10-23 15:05:45,227 [INFO] Processing documents for part-of-speech extraction...
2023-10-23 15:05:45,253 [INFO] Processing documents for part-of-speech extraction...
2023-10-23 15:05:45,285 [INFO] Processing documents for part-of-speech extraction...
2023-10-23 15:05:45,310 [INFO] Processing documents for part-of-speech extraction...
2023-10-23 15:05:45,331 [INFO] Processing documents for part-of-speech extraction...
2023-10-23 15:05:45,349 [INFO] Processing documents for part-of-speech extraction...
2023-10-23 15:05:45,372 [INFO] Processing documents for part-of-speech extraction...
2023-10-23 15:05:45,416 [INFO] Processing documents for part-of-speech extraction...
2023-10-23 15:05:45,442 [INFO] Processing documents for part-of-speech extraction...
2023-10-23 15:05:45,472 [INFO] Processing documents for part-of-speech extraction...
2023-10-23 15:05:45,518 [INFO] Processing documents for part-of-speech extraction...
2023-10-23 15:05:45,585 [INFO] Processing documents for part-of-speech extraction...
2023-10-23 15:05:45,598 [INFO] Processing documents for part-of-speech extraction...
2023-10-23 15:05:45,617 [INFO] Processing documents for part-of-speech extraction...
2023-10-23 15:05:45,651 [INFO] Processing documents for part-of-speech extraction...
2023-10-23 15:05:45,672 [INFO] Processing documents for part-of-speech extraction...
2023-10-23 15:05:45,683 [INFO] Processing documents for part-of-speech extraction...
2023-10-23 15:05:45,709 [INFO] Processing documents for part-of-speech extraction...
2023-10-23 15:05:45,751 [INFO] Processing documents for part-of-speech extraction...
2023-10-23 15:05:45,776 [INFO] Processing documents for part-of-speech extraction...
2023-10-23 15:05:45,812 [INFO] Processing documents for part-of-speech extraction...
2023-10-23 15:05:45,832 [INFO] Processing documents for part-of-speech extraction...
2023-10-23 15:05:45,850 [INFO] Processing documents for part-of-speech extraction...
2023-10-23 15:05:45,877 [INFO] Processing documents for part-of-speech extraction...
2023-10-23 15:05:45,924 [INFO] Processing documents for part-of-speech extraction...
2023-10-23 15:05:45,958 [INFO] Processing documents for part-of-speech extraction...
2023-10-23 15:05:45,975 [INFO] Processing documents for part-of-speech extraction...
2023-10-23 15:05:45,993 [INFO] Processing documents for part-of-speech extraction...
2023-10-23 15:05:46,017 [INFO] Processing documents for part-of-speech extraction...
2023-10-23 15:05:46,050 [INFO] Processing documents for part-of-speech extraction...
2023-10-23 15:05:46,065 [INFO] Processing documents for part-of-speech extraction...
2023-10-23 15:05:46,083 [INFO] Processing documents for part-of-speech extraction...
2023-10-23 15:05:46,108 [INFO] Processing documents for part-of-speech extraction...
2023-10-23 15:05:46,119 [INFO] Processing documents for part-of-speech extraction...
2023-10-23 15:05:46,136 [INFO] Processing documents for part-of-speech extraction...
2023-10-23 15:05:46,151 [INFO] Processing documents for part-of-speech extraction...
2023-10-23 15:05:46,167 [INFO] Processing documents for part-of-speech extraction...
2023-10-23 15:05:46,184 [INFO] Processing documents for part-of-speech extraction...
2023-10-23 15:05:46,201 [INFO] Processing documents for part-of-speech extraction...
2023-10-23 15:05:46,215 [INFO] Processing documents for part-of-speech extraction...
2023-10-23 15:05:46,239 [INFO] Processing documents for part-of-speech extraction...
2023-10-23 15:05:46,261 [INFO] Processing documents for part-of-speech extraction...
2023-10-23 15:05:46,285 [INFO] Processing documents for part-of-speech extraction...
2023-10-23 15:05:46,298 [INFO] Processing documents for part-of-speech extraction...
2023-10-23 15:05:46,317 [INFO] Processing documents for part-of-speech extraction...
2023-10-23 15:05:46,352 [INFO] Processing documents for part-of-speech extraction...
2023-10-23 15:05:46,365 [INFO] Processing documents for part-of-speech extraction...
2023-10-23 15:05:46,385 [INFO] Processing documents for part-of-speech extraction...
2023-10-23 15:05:46,414 [INFO] Processing documents for part-of-speech extraction...
2023-10-23 15:05:46,446 [INFO] Processing documents for part-of-speech extraction...
2023-10-23 15:05:46,484 [INFO] Processing documents for part-of-speech extraction...
2023-10-23 15:05:46,510 [INFO] Processing documents for part-of-speech extraction...
2023-10-23 15:05:46,532 [INFO] Processing documents for part-of-speech extraction...
2023-10-23 15:05:46,561 [INFO] Processing documents for part-of-speech extraction...
2023-10-23 15:05:46,582 [INFO] Processing documents for part-of-speech extraction...
2023-10-23 15:05:46,598 [INFO] Processing documents for part-of-speech extraction...
2023-10-23 15:05:46,617 [INFO] Processing documents for part-of-speech extraction...
2023-10-23 15:05:46,632 [INFO] Processing documents for part-of-speech extraction...
2023-10-23 15:05:46,661 [INFO] Processing documents for part-of-speech extraction...
2023-10-23 15:05:46,679 [INFO] Processing documents for part-of-speech extraction...
2023-10-23 15:05:46,695 [INFO] Processing documents for part-of-speech extraction...
2023-10-23 15:05:46,725 [INFO] Processing documents for part-of-speech extraction...
2023-10-23 15:05:46,747 [INFO] Processing documents for part-of-speech extraction...
2023-10-23 15:05:46,766 [INFO] Processing documents for part-of-speech extraction...
2023-10-23 15:05:46,780 [INFO] Processing documents for part-of-speech extraction...
2023-10-23 15:05:46,782 [INFO] Processing documents for part-of-speech extraction...
2023-10-23 15:05:46,809 [INFO] Processing documents for part-of-speech extraction...
2023-10-23 15:05:46,826 [INFO] Processing documents for part-of-speech extraction...
2023-10-23 15:05:46,843 [INFO] Processing documents for part-of-speech extraction...
2023-10-23 15:05:46,865 [INFO] Processing documents for part-of-speech extraction...
2023-10-23 15:05:46,893 [INFO] Processing documents for part-of-speech extraction...
2023-10-23 15:05:46,917 [INFO] Processing documents for part-of-speech extraction...
2023-10-23 15:05:46,933 [INFO] Processing documents for part-of-speech extraction...
2023-10-23 15:05:46,954 [INFO] Processing documents for part-of-speech extraction...
2023-10-23 15:05:46,965 [INFO] Processing documents for part-of-speech extraction...
2023-10-23 15:05:46,993 [INFO] Processing documents for part-of-speech extraction...
2023-10-23 15:05:46,998 [INFO] Processing documents for part-of-speech extraction...
2023-10-23 15:05:47,017 [INFO] Processing documents for part-of-speech extraction...
2023-10-23 15:05:47,026 [INFO] Processing documents for part-of-speech extraction...
2023-10-23 15:05:47,083 [INFO] Writing entities to csv...
2023-10-23 15:05:47,126 [INFO] Pushing entities to BigQuery...
2023-10-23 15:05:47,541 [INFO] Dataset dmrc-data.WordFlow_AnalyticsEngine already exists
2023-10-23 15:05:47,543 [INFO] Pushing temp file to BigQuery dataset...
2023-10-23 15:05:47,952 [INFO] Table exists
