2023-10-23 14:48:19,569 [INFO] Querying 'facebook_posts_australia' table...
2023-10-23 14:48:23,616 [INFO] 
            SELECT DISTINCT
            platformId, message
            FROM `dmrc-data.WordFlow_AnalyticsEngine.facebook_posts_australia`
            
2023-10-23 14:48:23,616 [INFO] Query successful

2023-10-23 14:48:25,194 [INFO] Processing documents for entity extraction...
2023-10-23 14:48:25,212 [INFO] Processing documents for entity extraction...
2023-10-23 14:48:25,231 [INFO] Processing documents for entity extraction...
2023-10-23 14:48:25,231 [INFO] No entities found in document.

2023-10-23 14:48:25,245 [INFO] Processing documents for entity extraction...
2023-10-23 14:48:25,269 [INFO] Processing documents for entity extraction...
2023-10-23 14:48:25,321 [INFO] Processing documents for entity extraction...
2023-10-23 14:48:25,335 [INFO] Processing documents for entity extraction...
2023-10-23 14:48:25,358 [INFO] Processing documents for entity extraction...
2023-10-23 14:48:25,375 [INFO] Processing documents for entity extraction...
2023-10-23 14:48:25,390 [INFO] Processing documents for entity extraction...
2023-10-23 14:48:25,391 [INFO] No entities found in document.

2023-10-23 14:48:25,408 [INFO] Processing documents for entity extraction...
2023-10-23 14:48:25,421 [INFO] Processing documents for entity extraction...
2023-10-23 14:48:25,457 [INFO] Processing documents for entity extraction...
2023-10-23 14:48:25,485 [INFO] Processing documents for entity extraction...
2023-10-23 14:48:25,493 [INFO] Processing documents for entity extraction...
2023-10-23 14:48:25,499 [INFO] No entities found in document.

2023-10-23 14:48:25,510 [INFO] Processing documents for entity extraction...
2023-10-23 14:48:25,513 [INFO] Processing documents for entity extraction...
2023-10-23 14:48:25,533 [INFO] Processing documents for entity extraction...
2023-10-23 14:48:25,550 [INFO] Processing documents for entity extraction...
2023-10-23 14:48:25,565 [INFO] Processing documents for entity extraction...
2023-10-23 14:48:25,582 [INFO] Processing documents for entity extraction...
2023-10-23 14:48:25,616 [INFO] Processing documents for entity extraction...
2023-10-23 14:48:25,651 [INFO] Processing documents for entity extraction...
2023-10-23 14:48:25,655 [INFO] Processing documents for entity extraction...
2023-10-23 14:48:25,669 [INFO] Processing documents for entity extraction...
2023-10-23 14:48:25,694 [INFO] Processing documents for entity extraction...
2023-10-23 14:48:25,706 [INFO] Processing documents for entity extraction...
2023-10-23 14:48:25,714 [INFO] Processing documents for entity extraction...
2023-10-23 14:48:25,727 [INFO] Processing documents for entity extraction...
2023-10-23 14:48:25,760 [INFO] Processing documents for entity extraction...
2023-10-23 14:48:25,770 [INFO] Processing documents for entity extraction...
2023-10-23 14:48:25,799 [INFO] Processing documents for entity extraction...
2023-10-23 14:48:25,812 [INFO] Processing documents for entity extraction...
2023-10-23 14:48:25,827 [INFO] Processing documents for entity extraction...
2023-10-23 14:48:25,840 [INFO] Processing documents for entity extraction...
2023-10-23 14:48:25,869 [INFO] Processing documents for entity extraction...
2023-10-23 14:48:25,885 [INFO] Processing documents for entity extraction...
2023-10-23 14:48:25,885 [INFO] No entities found in document.

2023-10-23 14:48:25,894 [INFO] Processing documents for entity extraction...
2023-10-23 14:48:25,895 [INFO] No entities found in document.

2023-10-23 14:48:25,910 [INFO] Processing documents for entity extraction...
2023-10-23 14:48:25,927 [INFO] Processing documents for entity extraction...
2023-10-23 14:48:25,951 [INFO] Processing documents for entity extraction...
2023-10-23 14:48:25,966 [INFO] Processing documents for entity extraction...
2023-10-23 14:48:25,966 [INFO] No entities found in document.

2023-10-23 14:48:25,977 [INFO] Processing documents for entity extraction...
2023-10-23 14:48:25,994 [INFO] Processing documents for entity extraction...
2023-10-23 14:48:26,010 [INFO] Processing documents for entity extraction...
2023-10-23 14:48:26,013 [INFO] Processing documents for entity extraction...
2023-10-23 14:48:26,030 [INFO] Processing documents for entity extraction...
2023-10-23 14:48:26,030 [INFO] No entities found in document.

2023-10-23 14:48:26,047 [INFO] Processing documents for entity extraction...
2023-10-23 14:48:26,055 [INFO] Processing documents for entity extraction...
2023-10-23 14:48:26,066 [INFO] Processing documents for entity extraction...
2023-10-23 14:48:26,066 [INFO] No entities found in document.

2023-10-23 14:48:26,078 [INFO] Processing documents for entity extraction...
2023-10-23 14:48:26,090 [INFO] Processing documents for entity extraction...
2023-10-23 14:48:26,100 [INFO] Processing documents for entity extraction...
2023-10-23 14:48:26,113 [INFO] Processing documents for entity extraction...
2023-10-23 14:48:26,127 [INFO] Processing documents for entity extraction...
2023-10-23 14:48:26,140 [INFO] Processing documents for entity extraction...
2023-10-23 14:48:26,150 [INFO] Processing documents for entity extraction...
2023-10-23 14:48:26,160 [INFO] Processing documents for entity extraction...
2023-10-23 14:48:26,169 [INFO] Processing documents for entity extraction...
2023-10-23 14:48:26,187 [INFO] Processing documents for entity extraction...
2023-10-23 14:48:26,200 [INFO] Processing documents for entity extraction...
2023-10-23 14:48:26,216 [INFO] Processing documents for entity extraction...
2023-10-23 14:48:26,218 [INFO] No entities found in document.

2023-10-23 14:48:26,228 [INFO] Processing documents for entity extraction...
2023-10-23 14:48:26,241 [INFO] Processing documents for entity extraction...
2023-10-23 14:48:26,255 [INFO] Processing documents for entity extraction...
2023-10-23 14:48:26,260 [INFO] Processing documents for entity extraction...
2023-10-23 14:48:26,278 [INFO] Processing documents for entity extraction...
2023-10-23 14:48:26,278 [INFO] No entities found in document.

2023-10-23 14:48:26,287 [INFO] Processing documents for entity extraction...
2023-10-23 14:48:26,294 [INFO] Processing documents for entity extraction...
2023-10-23 14:48:26,314 [INFO] Processing documents for entity extraction...
2023-10-23 14:48:26,321 [INFO] Processing documents for entity extraction...
2023-10-23 14:48:26,321 [INFO] No entities found in document.

2023-10-23 14:48:26,333 [INFO] Processing documents for entity extraction...
2023-10-23 14:48:26,356 [INFO] Processing documents for entity extraction...
2023-10-23 14:48:26,371 [INFO] Processing documents for entity extraction...
2023-10-23 14:48:26,380 [INFO] Processing documents for entity extraction...
2023-10-23 14:48:26,395 [INFO] Processing documents for entity extraction...
2023-10-23 14:48:26,403 [INFO] Processing documents for entity extraction...
2023-10-23 14:48:26,405 [INFO] No entities found in document.

2023-10-23 14:48:26,417 [INFO] Processing documents for entity extraction...
2023-10-23 14:48:26,425 [INFO] Processing documents for entity extraction...
2023-10-23 14:48:26,425 [INFO] No entities found in document.

2023-10-23 14:48:26,433 [INFO] Processing documents for entity extraction...
2023-10-23 14:48:26,446 [INFO] Processing documents for entity extraction...
2023-10-23 14:48:26,454 [INFO] Processing documents for entity extraction...
2023-10-23 14:48:26,468 [INFO] Processing documents for entity extraction...
2023-10-23 14:48:26,479 [INFO] Processing documents for entity extraction...
2023-10-23 14:48:26,488 [INFO] Processing documents for entity extraction...
2023-10-23 14:48:26,494 [INFO] Processing documents for entity extraction...
2023-10-23 14:48:26,500 [INFO] No entities found in document.

2023-10-23 14:48:26,511 [INFO] Processing documents for entity extraction...
2023-10-23 14:48:26,514 [INFO] Processing documents for entity extraction...
2023-10-23 14:48:26,527 [INFO] Processing documents for entity extraction...
2023-10-23 14:48:26,536 [INFO] Processing documents for entity extraction...
2023-10-23 14:48:26,547 [INFO] Writing entities to csv...
2023-10-23 14:48:26,555 [INFO] Pushing entities to BigQuery...
2023-10-23 14:48:26,942 [INFO] Dataset dmrc-data.WordFlow_AnalyticsEngine already exists
2023-10-23 14:48:26,942 [INFO] Pushing temp file to BigQuery dataset...
2023-10-23 14:48:27,252 [INFO] Table exists
2023-10-23 14:48:36,773 [INFO] Loaded records rows and 49 columns to dmrc-data.WordFlow_AnalyticsEngine.facebook_posts_australia_named_entities
2023-10-23 14:48:36,777 [INFO] Entities successfully pushed to BigQuery!

