2023-10-23 14:57:42,996 [INFO] Querying 'facebook_posts_australia' table...
2023-10-23 14:57:46,063 [INFO] 
            SELECT DISTINCT
            platformId, message
            FROM `dmrc-data.WordFlow_AnalyticsEngine.facebook_posts_australia`
            
2023-10-23 14:57:46,072 [INFO] Query successful

2023-10-23 14:57:46,080 [WARNING] Can not find mwt: default from official model list. Ignoring it.
2023-10-23 14:57:46,083 [INFO] Loading these models for language: en (English):
========================
| Processor | Package  |
------------------------
| tokenize  | combined |
| pos       | combined |
| lemma     | combined |
========================

2023-10-23 14:57:46,096 [INFO] Using device: cpu
2023-10-23 14:57:46,096 [INFO] Loading: tokenize
2023-10-23 14:57:46,112 [INFO] Loading: pos
2023-10-23 14:57:46,426 [INFO] Loading: lemma
2023-10-23 14:57:46,457 [INFO] Done loading processors!
2023-10-23 14:57:46,623 [INFO] Processing documents for part-of-speech extraction...
2023-10-23 14:57:46,777 [INFO] Processing documents for part-of-speech extraction...
2023-10-23 14:57:46,830 [INFO] Processing documents for part-of-speech extraction...
2023-10-23 14:57:46,920 [INFO] Processing documents for part-of-speech extraction...
2023-10-23 14:57:47,091 [INFO] Processing documents for part-of-speech extraction...
2023-10-23 14:57:47,430 [INFO] Processing documents for part-of-speech extraction...
2023-10-23 14:57:47,539 [INFO] Processing documents for part-of-speech extraction...
2023-10-23 14:57:47,732 [INFO] Processing documents for part-of-speech extraction...
2023-10-23 14:57:47,858 [INFO] Processing documents for part-of-speech extraction...
2023-10-23 14:57:47,930 [INFO] Processing documents for part-of-speech extraction...
2023-10-23 14:57:48,130 [INFO] Processing documents for part-of-speech extraction...
2023-10-23 14:57:48,213 [INFO] Processing documents for part-of-speech extraction...
2023-10-23 14:57:48,480 [INFO] Processing documents for part-of-speech extraction...
2023-10-23 14:57:48,649 [INFO] Processing documents for part-of-speech extraction...
2023-10-23 14:57:48,701 [INFO] Processing documents for part-of-speech extraction...
2023-10-23 14:57:48,782 [INFO] Processing documents for part-of-speech extraction...
2023-10-23 14:57:48,878 [INFO] Processing documents for part-of-speech extraction...
2023-10-23 14:57:48,997 [INFO] Processing documents for part-of-speech extraction...
2023-10-23 14:57:49,130 [INFO] Processing documents for part-of-speech extraction...
2023-10-23 14:57:49,288 [INFO] Processing documents for part-of-speech extraction...
2023-10-23 14:57:49,411 [INFO] Processing documents for part-of-speech extraction...
2023-10-23 14:57:49,730 [INFO] Processing documents for part-of-speech extraction...
2023-10-23 14:57:50,051 [INFO] Processing documents for part-of-speech extraction...
2023-10-23 14:57:50,121 [INFO] Processing documents for part-of-speech extraction...
2023-10-23 14:57:50,225 [INFO] Processing documents for part-of-speech extraction...
2023-10-23 14:57:50,445 [INFO] Processing documents for part-of-speech extraction...
2023-10-23 14:57:50,585 [INFO] Processing documents for part-of-speech extraction...
2023-10-23 14:57:50,688 [INFO] Processing documents for part-of-speech extraction...
2023-10-23 14:57:50,844 [INFO] Processing documents for part-of-speech extraction...
2023-10-23 14:57:51,140 [INFO] Processing documents for part-of-speech extraction...
2023-10-23 14:57:51,289 [INFO] Processing documents for part-of-speech extraction...
2023-10-23 14:57:51,585 [INFO] Processing documents for part-of-speech extraction...
2023-10-23 14:57:51,708 [INFO] Processing documents for part-of-speech extraction...
2023-10-23 14:57:51,859 [INFO] Processing documents for part-of-speech extraction...
2023-10-23 14:57:51,945 [INFO] Processing documents for part-of-speech extraction...
2023-10-23 14:57:52,318 [INFO] Processing documents for part-of-speech extraction...
2023-10-23 14:57:52,455 [INFO] Processing documents for part-of-speech extraction...
2023-10-23 14:57:52,524 [INFO] Processing documents for part-of-speech extraction...
2023-10-23 14:57:52,687 [INFO] Processing documents for part-of-speech extraction...
2023-10-23 14:57:52,900 [INFO] Processing documents for part-of-speech extraction...
2023-10-23 14:57:53,103 [INFO] Processing documents for part-of-speech extraction...
2023-10-23 14:57:53,218 [INFO] Processing documents for part-of-speech extraction...
2023-10-23 14:57:53,329 [INFO] Processing documents for part-of-speech extraction...
2023-10-23 14:57:53,520 [INFO] Processing documents for part-of-speech extraction...
2023-10-23 14:57:53,734 [INFO] Processing documents for part-of-speech extraction...
2023-10-23 14:57:53,797 [INFO] Processing documents for part-of-speech extraction...
2023-10-23 14:57:53,930 [INFO] Processing documents for part-of-speech extraction...
2023-10-23 14:57:54,121 [INFO] Processing documents for part-of-speech extraction...
2023-10-23 14:57:54,248 [INFO] Processing documents for part-of-speech extraction...
2023-10-23 14:57:54,292 [INFO] Processing documents for part-of-speech extraction...
2023-10-23 14:57:54,378 [INFO] Processing documents for part-of-speech extraction...
2023-10-23 14:57:54,530 [INFO] Processing documents for part-of-speech extraction...
2023-10-23 14:57:54,621 [INFO] Processing documents for part-of-speech extraction...
2023-10-23 14:57:54,796 [INFO] Processing documents for part-of-speech extraction...
2023-10-23 14:57:54,957 [INFO] Processing documents for part-of-speech extraction...
2023-10-23 14:57:55,114 [INFO] Processing documents for part-of-speech extraction...
2023-10-23 14:57:55,271 [INFO] Processing documents for part-of-speech extraction...
2023-10-23 14:57:55,447 [INFO] Processing documents for part-of-speech extraction...
2023-10-23 14:57:55,646 [INFO] Processing documents for part-of-speech extraction...
2023-10-23 14:57:55,769 [INFO] Processing documents for part-of-speech extraction...
2023-10-23 14:57:55,860 [INFO] Processing documents for part-of-speech extraction...
2023-10-23 14:57:56,115 [INFO] Processing documents for part-of-speech extraction...
2023-10-23 14:57:56,256 [INFO] Processing documents for part-of-speech extraction...
2023-10-23 14:57:56,423 [INFO] Processing documents for part-of-speech extraction...
2023-10-23 14:57:56,605 [INFO] Processing documents for part-of-speech extraction...
2023-10-23 14:57:56,683 [INFO] Processing documents for part-of-speech extraction...
2023-10-23 14:57:56,916 [INFO] Processing documents for part-of-speech extraction...
2023-10-23 14:57:57,016 [INFO] Processing documents for part-of-speech extraction...
2023-10-23 14:57:57,088 [INFO] Processing documents for part-of-speech extraction...
2023-10-23 14:57:57,281 [INFO] Processing documents for part-of-speech extraction...
2023-10-23 14:57:57,350 [INFO] Processing documents for part-of-speech extraction...
2023-10-23 14:57:57,465 [INFO] Processing documents for part-of-speech extraction...
2023-10-23 14:57:57,687 [INFO] Processing documents for part-of-speech extraction...
2023-10-23 14:57:57,820 [INFO] Processing documents for part-of-speech extraction...
2023-10-23 14:57:57,918 [INFO] Processing documents for part-of-speech extraction...
2023-10-23 14:57:58,010 [INFO] Processing documents for part-of-speech extraction...
2023-10-23 14:57:58,060 [INFO] Processing documents for part-of-speech extraction...
2023-10-23 14:57:58,175 [INFO] Processing documents for part-of-speech extraction...
2023-10-23 14:57:58,236 [INFO] Processing documents for part-of-speech extraction...
2023-10-23 14:57:58,337 [INFO] Processing documents for part-of-speech extraction...
2023-10-23 14:57:58,412 [INFO] Processing documents for part-of-speech extraction...
2023-10-23 14:57:58,533 [INFO] Processing documents for part-of-speech extraction...
2023-10-23 14:57:58,614 [INFO] Processing documents for part-of-speech extraction...
2023-10-23 14:57:58,717 [INFO] Processing documents for part-of-speech extraction...
2023-10-23 14:57:58,818 [INFO] Processing documents for part-of-speech extraction...
2023-10-23 14:57:58,917 [INFO] Processing documents for part-of-speech extraction...
2023-10-23 14:57:59,021 [INFO] Processing documents for part-of-speech extraction...
2023-10-23 14:57:59,072 [INFO] Processing documents for part-of-speech extraction...
2023-10-23 14:57:59,133 [INFO] Processing documents for part-of-speech extraction...
2023-10-23 14:57:59,197 [INFO] Processing documents for part-of-speech extraction...
2023-10-23 14:57:59,213 [INFO] Writing entities to csv...
2023-10-23 14:57:59,235 [INFO] Pushing entities to BigQuery...
2023-10-23 14:57:59,675 [INFO] Dataset dmrc-data.WordFlow_AnalyticsEngine already exists
2023-10-23 14:57:59,675 [INFO] Pushing temp file to BigQuery dataset...
2023-10-23 14:57:59,993 [INFO] Table exists
2023-10-23 14:58:07,452 [INFO] Loaded records rows and 49 columns to dmrc-data.WordFlow_AnalyticsEngine.facebook_posts_australia_part_of_speech_
2023-10-23 14:58:07,460 [INFO] Entities successfully pushed to BigQuery!

