2023-10-23 15:02:38,818 [INFO] Querying 'facebook_posts_australia' table...
2023-10-23 15:02:41,917 [INFO] 
            SELECT DISTINCT
            platformId, message
            FROM `dmrc-data.WordFlow_AnalyticsEngine.facebook_posts_australia`
            
2023-10-23 15:02:41,917 [INFO] Query successful

2023-10-23 15:02:43,959 [INFO] Processing documents for part-of-speech extraction...
2023-10-23 15:02:44,003 [INFO] Processing documents for part-of-speech extraction...
2023-10-23 15:02:44,020 [INFO] Processing documents for part-of-speech extraction...
2023-10-23 15:02:44,055 [INFO] Processing documents for part-of-speech extraction...
2023-10-23 15:02:44,083 [INFO] Processing documents for part-of-speech extraction...
2023-10-23 15:02:44,136 [INFO] Processing documents for part-of-speech extraction...
2023-10-23 15:02:44,174 [INFO] Processing documents for part-of-speech extraction...
2023-10-23 15:02:44,206 [INFO] Processing documents for part-of-speech extraction...
2023-10-23 15:02:44,221 [INFO] Processing documents for part-of-speech extraction...
2023-10-23 15:02:44,246 [INFO] Processing documents for part-of-speech extraction...
2023-10-23 15:02:44,276 [INFO] Processing documents for part-of-speech extraction...
2023-10-23 15:02:44,289 [INFO] Processing documents for part-of-speech extraction...
2023-10-23 15:02:44,339 [INFO] Processing documents for part-of-speech extraction...
2023-10-23 15:02:44,366 [INFO] Processing documents for part-of-speech extraction...
2023-10-23 15:02:44,384 [INFO] Processing documents for part-of-speech extraction...
2023-10-23 15:02:44,411 [INFO] Processing documents for part-of-speech extraction...
2023-10-23 15:02:44,432 [INFO] Processing documents for part-of-speech extraction...
2023-10-23 15:02:44,457 [INFO] Processing documents for part-of-speech extraction...
2023-10-23 15:02:44,493 [INFO] Processing documents for part-of-speech extraction...
2023-10-23 15:02:44,519 [INFO] Processing documents for part-of-speech extraction...
2023-10-23 15:02:44,549 [INFO] Processing documents for part-of-speech extraction...
2023-10-23 15:02:44,589 [INFO] Processing documents for part-of-speech extraction...
2023-10-23 15:02:44,646 [INFO] Processing documents for part-of-speech extraction...
2023-10-23 15:02:44,686 [INFO] Processing documents for part-of-speech extraction...
2023-10-23 15:02:44,710 [INFO] Processing documents for part-of-speech extraction...
2023-10-23 15:02:44,739 [INFO] Processing documents for part-of-speech extraction...
2023-10-23 15:02:44,755 [INFO] Processing documents for part-of-speech extraction...
2023-10-23 15:02:44,777 [INFO] Processing documents for part-of-speech extraction...
2023-10-23 15:02:44,807 [INFO] Processing documents for part-of-speech extraction...
2023-10-23 15:02:44,856 [INFO] Processing documents for part-of-speech extraction...
2023-10-23 15:02:44,880 [INFO] Processing documents for part-of-speech extraction...
2023-10-23 15:02:44,906 [INFO] Processing documents for part-of-speech extraction...
2023-10-23 15:02:44,924 [INFO] Processing documents for part-of-speech extraction...
2023-10-23 15:02:44,949 [INFO] Processing documents for part-of-speech extraction...
2023-10-23 15:02:44,966 [INFO] Processing documents for part-of-speech extraction...
2023-10-23 15:02:45,012 [INFO] Processing documents for part-of-speech extraction...
2023-10-23 15:02:45,046 [INFO] Processing documents for part-of-speech extraction...
2023-10-23 15:02:45,066 [INFO] Processing documents for part-of-speech extraction...
2023-10-23 15:02:45,099 [INFO] Processing documents for part-of-speech extraction...
2023-10-23 15:02:45,132 [INFO] Processing documents for part-of-speech extraction...
2023-10-23 15:02:45,174 [INFO] Processing documents for part-of-speech extraction...
2023-10-23 15:02:45,217 [INFO] Processing documents for part-of-speech extraction...
2023-10-23 15:02:45,249 [INFO] Processing documents for part-of-speech extraction...
2023-10-23 15:02:45,292 [INFO] Processing documents for part-of-speech extraction...
2023-10-23 15:02:45,327 [INFO] Processing documents for part-of-speech extraction...
2023-10-23 15:02:45,340 [INFO] Processing documents for part-of-speech extraction...
2023-10-23 15:02:45,361 [INFO] Processing documents for part-of-speech extraction...
2023-10-23 15:02:45,391 [INFO] Processing documents for part-of-speech extraction...
2023-10-23 15:02:45,406 [INFO] Processing documents for part-of-speech extraction...
2023-10-23 15:02:45,418 [INFO] Processing documents for part-of-speech extraction...
2023-10-23 15:02:45,440 [INFO] Processing documents for part-of-speech extraction...
2023-10-23 15:02:45,474 [INFO] Processing documents for part-of-speech extraction...
2023-10-23 15:02:45,499 [INFO] Processing documents for part-of-speech extraction...
2023-10-23 15:02:45,527 [INFO] Processing documents for part-of-speech extraction...
2023-10-23 15:02:45,560 [INFO] Processing documents for part-of-speech extraction...
2023-10-23 15:02:45,584 [INFO] Processing documents for part-of-speech extraction...
2023-10-23 15:02:45,607 [INFO] Processing documents for part-of-speech extraction...
2023-10-23 15:02:45,632 [INFO] Processing documents for part-of-speech extraction...
2023-10-23 15:02:45,665 [INFO] Processing documents for part-of-speech extraction...
2023-10-23 15:02:45,699 [INFO] Processing documents for part-of-speech extraction...
2023-10-23 15:02:45,735 [INFO] Processing documents for part-of-speech extraction...
2023-10-23 15:02:45,775 [INFO] Processing documents for part-of-speech extraction...
2023-10-23 15:02:45,827 [INFO] Processing documents for part-of-speech extraction...
2023-10-23 15:02:45,849 [INFO] Processing documents for part-of-speech extraction...
2023-10-23 15:02:45,871 [INFO] Processing documents for part-of-speech extraction...
2023-10-23 15:02:45,903 [INFO] Processing documents for part-of-speech extraction...
2023-10-23 15:02:45,926 [INFO] Processing documents for part-of-speech extraction...
2023-10-23 15:02:45,951 [INFO] Processing documents for part-of-speech extraction...
2023-10-23 15:02:45,984 [INFO] Processing documents for part-of-speech extraction...
2023-10-23 15:02:46,026 [INFO] Processing documents for part-of-speech extraction...
2023-10-23 15:02:46,051 [INFO] Processing documents for part-of-speech extraction...
2023-10-23 15:02:46,080 [INFO] Processing documents for part-of-speech extraction...
2023-10-23 15:02:46,117 [INFO] Processing documents for part-of-speech extraction...
2023-10-23 15:02:46,151 [INFO] Processing documents for part-of-speech extraction...
2023-10-23 15:02:46,170 [INFO] Processing documents for part-of-speech extraction...
2023-10-23 15:02:46,183 [INFO] Processing documents for part-of-speech extraction...
2023-10-23 15:02:46,189 [INFO] Processing documents for part-of-speech extraction...
2023-10-23 15:02:46,218 [INFO] Processing documents for part-of-speech extraction...
2023-10-23 15:02:46,232 [INFO] Processing documents for part-of-speech extraction...
2023-10-23 15:02:46,251 [INFO] Processing documents for part-of-speech extraction...
2023-10-23 15:02:46,274 [INFO] Processing documents for part-of-speech extraction...
2023-10-23 15:02:46,304 [INFO] Processing documents for part-of-speech extraction...
2023-10-23 15:02:46,330 [INFO] Processing documents for part-of-speech extraction...
2023-10-23 15:02:46,352 [INFO] Processing documents for part-of-speech extraction...
2023-10-23 15:02:46,385 [INFO] Processing documents for part-of-speech extraction...
2023-10-23 15:02:46,417 [INFO] Processing documents for part-of-speech extraction...
2023-10-23 15:02:46,440 [INFO] Processing documents for part-of-speech extraction...
2023-10-23 15:02:46,466 [INFO] Processing documents for part-of-speech extraction...
2023-10-23 15:02:46,483 [INFO] Processing documents for part-of-speech extraction...
2023-10-23 15:02:46,504 [INFO] Processing documents for part-of-speech extraction...
2023-10-23 15:02:46,548 [INFO] Writing entities to csv...
2023-10-23 15:02:46,616 [INFO] Pushing entities to BigQuery...
2023-10-23 15:02:47,124 [INFO] Dataset dmrc-data.WordFlow_AnalyticsEngine already exists
2023-10-23 15:02:47,126 [INFO] Pushing temp file to BigQuery dataset...
2023-10-23 15:02:47,628 [INFO] Table exists
