2023-12-18 15:20:19,084 [INFO] Querying 'test_random_text_8' table...
2023-12-18 15:20:22,247 [INFO] 
            SELECT DISTINCT
            identificator, message
            FROM `dmrc-data.WordFlow_AnalyticsEngine.test_random_text_8`
            
2023-12-18 15:20:22,248 [INFO] Query successful

2023-12-18 15:20:22,258 [WARNING] Can not find mwt: default from official model list. Ignoring it.
2023-12-18 15:20:22,259 [INFO] Loading these models for language: en (English):
========================
| Processor | Package  |
------------------------
| tokenize  | combined |
| pos       | combined |
| lemma     | combined |
========================

2023-12-18 15:20:22,263 [INFO] Using device: cpu
2023-12-18 15:20:22,266 [INFO] Loading: tokenize
2023-12-18 15:20:22,297 [INFO] Loading: pos
2023-12-18 15:20:22,765 [INFO] Loading: lemma
2023-12-18 15:20:22,813 [INFO] Done loading processors!
2023-12-18 15:20:23,256 [INFO] Processing documents for morphology extraction...
2023-12-18 15:20:23,257 [INFO] Processing document id: {id}
2023-12-18 15:20:23,615 [INFO] Processing documents for morphology extraction...
2023-12-18 15:20:23,616 [INFO] Processing document id: {id}
2023-12-18 15:20:24,010 [INFO] Processing documents for morphology extraction...
2023-12-18 15:20:24,011 [INFO] Processing document id: {id}
2023-12-18 15:20:24,015 [INFO] Writing morphology to csv...
2023-12-18 15:20:24,037 [INFO] Pushing morphology to BigQuery...
2023-12-18 15:20:24,438 [INFO] Dataset dmrc-data.WordFlow_AnalyticsEngine already exists
2023-12-18 15:20:24,440 [INFO] Pushing temp file to BigQuery dataset...
2023-12-18 15:20:24,804 [INFO] Table exists
2023-12-18 15:20:30,487 [INFO] Loaded records rows and 2 columns to dmrc-data.WordFlow_AnalyticsEngine.test_random_text_8_stanza_morphology
2023-12-18 15:20:30,491 [INFO] Results of morphology successfully pushed to BigQuery!

