2023-10-30 13:20:15,646 [INFO] Querying 'test_random_text_6' table...
2023-10-30 13:20:18,033 [INFO] 
            SELECT DISTINCT
            identificator, message
            FROM `dmrc-data.WordFlow_AnalyticsEngine.test_random_text_6`
            
2023-10-30 13:20:18,033 [INFO] Query successful

2023-10-30 13:20:18,033 [WARNING] Can not find mwt: default from official model list. Ignoring it.
2023-10-30 13:20:18,033 [INFO] Loading these models for language: en (English):
========================
| Processor | Package  |
------------------------
| tokenize  | combined |
| pos       | combined |
| lemma     | combined |
========================

2023-10-30 13:20:18,049 [INFO] Using device: cpu
2023-10-30 13:20:18,049 [INFO] Loading: tokenize
2023-10-30 13:20:18,055 [INFO] Loading: pos
2023-10-30 13:20:18,313 [INFO] Loading: lemma
2023-10-30 13:20:18,333 [INFO] Done loading processors!
2023-10-30 13:20:18,558 [INFO] Processing documents for part-of-speech extraction...
2023-10-30 13:20:18,559 [INFO] Processing document id: {id}
2023-10-30 13:20:18,779 [INFO] Processing documents for part-of-speech extraction...
2023-10-30 13:20:18,780 [INFO] Processing document id: {id}
2023-10-30 13:20:19,010 [INFO] Processing documents for part-of-speech extraction...
2023-10-30 13:20:19,011 [INFO] Processing document id: {id}
2023-10-30 13:20:19,013 [INFO] Writing pos to csv...
2023-10-30 13:20:19,018 [INFO] Pushing pos to BigQuery...
2023-10-30 13:20:19,412 [INFO] Dataset dmrc-data.WordFlow_AnalyticsEngine already exists
2023-10-30 13:20:19,413 [INFO] Pushing temp file to BigQuery dataset...
2023-10-30 13:20:19,765 [INFO] Table exists
2023-10-30 13:20:28,373 [INFO] Loaded records rows and 2 columns to dmrc-data.WordFlow_AnalyticsEngine.test_random_text_6_stanza_part_of_speech
2023-10-30 13:20:28,376 [INFO] Results of pos successfully pushed to BigQuery!

