2023-10-25 13:40:55,082 [INFO] Querying 'test_random_text_3' table...
2023-10-25 13:41:00,106 [INFO] 
            SELECT DISTINCT
            identificator, message
            FROM `dmrc-data.WordFlow_AnalyticsEngine.test_random_text_3`
            
2023-10-25 13:41:00,106 [INFO] Query successful

2023-10-25 13:41:00,123 [WARNING] Can not find mwt: default from official model list. Ignoring it.
2023-10-25 13:41:00,123 [INFO] Loading these models for language: en (English):
========================
| Processor | Package  |
------------------------
| tokenize  | combined |
| pos       | combined |
| lemma     | combined |
========================

2023-10-25 13:41:00,123 [INFO] Using device: cpu
2023-10-25 13:41:00,123 [INFO] Loading: tokenize
2023-10-25 13:41:00,150 [INFO] Loading: pos
2023-10-25 13:41:00,807 [INFO] Loading: lemma
2023-10-25 13:41:00,907 [INFO] Done loading processors!
2023-10-25 13:41:01,958 [INFO] Processing documents for part-of-speech extraction...
2023-10-25 13:41:01,958 [INFO] Processing document id: {id}
2023-10-25 13:41:02,828 [INFO] Processing documents for part-of-speech extraction...
2023-10-25 13:41:02,828 [INFO] Processing document id: {id}
2023-10-25 13:41:03,783 [INFO] Processing documents for part-of-speech extraction...
2023-10-25 13:41:03,791 [INFO] Processing document id: {id}
2023-10-25 13:41:03,800 [INFO] Writing pos to csv...
2023-10-25 13:41:03,821 [INFO] Pushing pos to BigQuery...
2023-10-25 13:41:04,232 [INFO] Dataset dmrc-data.WordFlow_AnalyticsEngine already exists
2023-10-25 13:41:04,232 [INFO] Pushing temp file to BigQuery dataset...
2023-10-25 13:41:04,644 [INFO] Table exists
2023-10-25 13:41:12,996 [INFO] Loaded records rows and 2 columns to dmrc-data.WordFlow_AnalyticsEngine.test_random_text_3_stanza_part_of_speech
2023-10-25 13:41:13,003 [INFO] Results of pos successfully pushed to BigQuery!

