2023-10-30 14:30:45,720 [INFO] Querying 'test_random_text_6' table...
2023-10-30 14:30:48,488 [INFO] 
            SELECT DISTINCT
            identificator, message
            FROM `dmrc-data.WordFlow_AnalyticsEngine.test_random_text_6`
            
2023-10-30 14:30:48,488 [INFO] Query successful

2023-10-30 14:30:48,488 [WARNING] Can not find mwt: default from official model list. Ignoring it.
2023-10-30 14:30:48,504 [INFO] Loading these models for language: en (English):
========================
| Processor | Package  |
------------------------
| tokenize  | combined |
| pos       | combined |
| lemma     | combined |
| depparse  | combined |
========================

2023-10-30 14:30:48,516 [INFO] Using device: cpu
2023-10-30 14:30:48,517 [INFO] Loading: tokenize
2023-10-30 14:30:48,522 [INFO] Loading: pos
2023-10-30 14:30:48,790 [INFO] Loading: lemma
2023-10-30 14:30:48,815 [INFO] Loading: depparse
2023-10-30 14:30:49,057 [INFO] Done loading processors!
2023-10-30 14:30:49,482 [INFO] Processing documents for dependency parsing extraction...
2023-10-30 14:30:49,484 [INFO] Processing document id: {id}
2023-10-30 14:30:49,968 [INFO] Processing documents for dependency parsing extraction...
2023-10-30 14:30:49,968 [INFO] Processing document id: {id}
2023-10-30 14:30:50,478 [INFO] Processing documents for dependency parsing extraction...
2023-10-30 14:30:50,479 [INFO] Processing document id: {id}
2023-10-30 14:30:50,482 [INFO] Writing depparse to csv...
2023-10-30 14:30:50,489 [INFO] Pushing depparse to BigQuery...
2023-10-30 14:30:50,797 [INFO] Dataset dmrc-data.WordFlow_AnalyticsEngine already exists
2023-10-30 14:30:50,797 [INFO] Pushing temp file to BigQuery dataset...
2023-10-30 14:30:51,189 [INFO] Table exists
2023-10-30 14:31:00,966 [INFO] Loaded records rows and 2 columns to dmrc-data.WordFlow_AnalyticsEngine.test_random_text_6_stanza_depparse
2023-10-30 14:31:00,966 [INFO] Results of depparse successfully pushed to BigQuery!

