2023-12-18 15:54:53,197 [INFO] Querying 'test_random_text_8' table...
2023-12-18 15:54:55,984 [INFO] 
            SELECT DISTINCT
            identificator, message
            FROM `dmrc-data.WordFlow_AnalyticsEngine.test_random_text_8`
            
2023-12-18 15:54:55,986 [INFO] Query successful

2023-12-18 15:54:55,999 [WARNING] Can not find mwt: default from official model list. Ignoring it.
2023-12-18 15:54:56,001 [INFO] Loading these models for language: en (English):
========================
| Processor | Package  |
------------------------
| tokenize  | combined |
| pos       | combined |
| lemma     | combined |
========================

2023-12-18 15:54:56,017 [INFO] Using device: cpu
2023-12-18 15:54:56,018 [INFO] Loading: tokenize
2023-12-18 15:54:56,029 [INFO] Loading: pos
2023-12-18 15:54:56,378 [INFO] Loading: lemma
2023-12-18 15:54:56,416 [INFO] Done loading processors!
2023-12-18 15:54:56,802 [INFO] Processing documents for morphology extraction...
2023-12-18 15:54:56,803 [INFO] Processing document id: {id}
2023-12-18 15:54:57,174 [INFO] Processing documents for morphology extraction...
2023-12-18 15:54:57,175 [INFO] Processing document id: {id}
2023-12-18 15:54:57,572 [INFO] Processing documents for morphology extraction...
2023-12-18 15:54:57,572 [INFO] Processing document id: {id}
2023-12-18 15:54:57,578 [INFO] Writing morphology to csv...
2023-12-18 15:54:57,588 [INFO] Pushing morphology to BigQuery...
2023-12-18 15:54:57,907 [INFO] Dataset dmrc-data.WordFlow_AnalyticsEngine already exists
2023-12-18 15:54:57,909 [INFO] Pushing temp file to BigQuery dataset...
2023-12-18 15:54:58,264 [INFO] Table exists
2023-12-18 15:55:06,477 [INFO] Loaded records rows and 2 columns to dmrc-data.WordFlow_AnalyticsEngine.test_random_text_8_stanza_morphology
2023-12-18 15:55:06,479 [INFO] Results of morphology successfully pushed to BigQuery!

