2023-10-30 13:05:31,597 [INFO] Querying 'test_random_text_4' table...
2023-10-30 13:05:34,140 [INFO] 
            SELECT DISTINCT
            identificator, message
            FROM `dmrc-data.WordFlow_AnalyticsEngine.test_random_text_4`
            
2023-10-30 13:05:34,140 [INFO] Query successful

2023-10-30 13:05:34,159 [WARNING] Can not find mwt: default from official model list. Ignoring it.
2023-10-30 13:05:34,159 [INFO] Loading these models for language: en (English):
========================
| Processor | Package  |
------------------------
| tokenize  | combined |
| pos       | combined |
| lemma     | combined |
========================

2023-10-30 13:05:34,164 [INFO] Using device: cpu
2023-10-30 13:05:34,165 [INFO] Loading: tokenize
2023-10-30 13:05:34,175 [INFO] Loading: pos
2023-10-30 13:05:34,457 [INFO] Loading: lemma
2023-10-30 13:05:34,493 [INFO] Done loading processors!
2023-10-30 13:05:34,742 [INFO] Processing documents for part-of-speech extraction...
2023-10-30 13:05:34,742 [INFO] Processing document id: {id}
2023-10-30 13:05:34,942 [INFO] Processing documents for part-of-speech extraction...
2023-10-30 13:05:34,942 [INFO] Processing document id: {id}
2023-10-30 13:05:35,148 [INFO] Processing documents for part-of-speech extraction...
2023-10-30 13:05:35,148 [INFO] Processing document id: {id}
2023-10-30 13:05:35,148 [INFO] Writing pos to csv...
2023-10-30 13:05:35,148 [INFO] Pushing pos to BigQuery...
2023-10-30 13:05:35,510 [INFO] Dataset dmrc-data.WordFlow_AnalyticsEngine already exists
2023-10-30 13:05:35,510 [INFO] Pushing temp file to BigQuery dataset...
2023-10-30 13:05:35,823 [INFO] Table exists
2023-10-30 13:05:42,224 [INFO] Loaded records rows and 2 columns to dmrc-data.WordFlow_AnalyticsEngine.test_random_text_4_stanza_part_of_speech
2023-10-30 13:05:42,224 [INFO] Results of pos successfully pushed to BigQuery!

