2023-10-25 13:44:34,793 [INFO] Querying 'test_random_text_3' table...
2023-10-25 13:44:37,757 [INFO] 
            SELECT DISTINCT
            identificator, message
            FROM `dmrc-data.WordFlow_AnalyticsEngine.test_random_text_3`
            
2023-10-25 13:44:37,757 [INFO] Query successful

2023-10-25 13:44:37,778 [WARNING] Can not find mwt: default from official model list. Ignoring it.
2023-10-25 13:44:37,780 [INFO] Loading these models for language: en (English):
=========================
| Processor | Package   |
-------------------------
| tokenize  | combined  |
| ner       | ontonotes |
=========================

2023-10-25 13:44:37,782 [INFO] Using device: cpu
2023-10-25 13:44:37,782 [INFO] Loading: tokenize
2023-10-25 13:44:37,791 [INFO] Loading: ner
2023-10-25 13:44:38,371 [INFO] Done loading processors!
2023-10-25 13:44:38,656 [INFO] Processing documents for entity extraction...
2023-10-25 13:44:38,656 [INFO] Processing document id: {id}
2023-10-25 13:44:38,874 [INFO] Processing documents for entity extraction...
2023-10-25 13:44:38,874 [INFO] Processing document id: {id}
2023-10-25 13:44:39,088 [INFO] Processing documents for entity extraction...
2023-10-25 13:44:39,088 [INFO] Processing document id: {id}
2023-10-25 13:44:39,088 [INFO] Writing ner to csv...
2023-10-25 13:44:39,088 [INFO] Pushing ner to BigQuery...
2023-10-25 13:44:39,557 [INFO] Dataset dmrc-data.WordFlow_AnalyticsEngine already exists
2023-10-25 13:44:39,557 [INFO] Pushing temp file to BigQuery dataset...
2023-10-25 13:44:39,999 [INFO] Table exists
2023-10-25 13:44:49,934 [INFO] Loaded records rows and 2 columns to dmrc-data.WordFlow_AnalyticsEngine.test_random_text_3_stanza_named_entities
2023-10-25 13:44:49,950 [INFO] Results of ner successfully pushed to BigQuery!

