2023-10-24 17:08:34,961 [INFO] Querying 'facebook_posts_australia' table...
2023-10-24 17:08:38,011 [INFO] 
            SELECT DISTINCT
            platformId, message
            FROM `dmrc-data.WordFlow_AnalyticsEngine.facebook_posts_australia`
            
2023-10-24 17:08:38,011 [INFO] Query successful

2023-10-24 17:08:38,011 [WARNING] Can not find mwt: default from official model list. Ignoring it.
2023-10-24 17:08:38,011 [INFO] Loading these models for language: en (English):
========================
| Processor | Package  |
------------------------
| tokenize  | combined |
| pos       | combined |
| lemma     | combined |
========================

2023-10-24 17:08:38,031 [INFO] Using device: cpu
2023-10-24 17:08:38,032 [INFO] Loading: tokenize
2023-10-24 17:08:38,035 [INFO] Loading: pos
2023-10-24 17:08:38,275 [INFO] Loading: lemma
2023-10-24 17:08:38,302 [INFO] Done loading processors!
2023-10-24 17:08:38,416 [INFO] Processing documents for part-of-speech extraction...
2023-10-24 17:08:38,549 [INFO] Processing documents for part-of-speech extraction...
2023-10-24 17:08:38,588 [INFO] Processing documents for part-of-speech extraction...
2023-10-24 17:08:38,660 [INFO] Processing documents for part-of-speech extraction...
2023-10-24 17:08:38,793 [INFO] Processing documents for part-of-speech extraction...
2023-10-24 17:08:39,075 [INFO] Processing documents for part-of-speech extraction...
2023-10-24 17:08:39,164 [INFO] Processing documents for part-of-speech extraction...
2023-10-24 17:08:39,318 [INFO] Processing documents for part-of-speech extraction...
2023-10-24 17:08:39,420 [INFO] Processing documents for part-of-speech extraction...
2023-10-24 17:08:39,479 [INFO] Processing documents for part-of-speech extraction...
2023-10-24 17:08:39,625 [INFO] Processing documents for part-of-speech extraction...
2023-10-24 17:08:39,705 [INFO] Processing documents for part-of-speech extraction...
2023-10-24 17:08:39,916 [INFO] Processing documents for part-of-speech extraction...
2023-10-24 17:08:40,037 [INFO] Processing documents for part-of-speech extraction...
2023-10-24 17:08:40,076 [INFO] Processing documents for part-of-speech extraction...
2023-10-24 17:08:40,145 [INFO] Processing documents for part-of-speech extraction...
2023-10-24 17:08:40,215 [INFO] Processing documents for part-of-speech extraction...
2023-10-24 17:08:40,312 [INFO] Processing documents for part-of-speech extraction...
2023-10-24 17:08:40,429 [INFO] Processing documents for part-of-speech extraction...
2023-10-24 17:08:40,549 [INFO] Processing documents for part-of-speech extraction...
2023-10-24 17:08:40,652 [INFO] Processing documents for part-of-speech extraction...
2023-10-24 17:08:40,888 [INFO] Processing documents for part-of-speech extraction...
2023-10-24 17:08:41,117 [INFO] Processing documents for part-of-speech extraction...
2023-10-24 17:08:41,172 [INFO] Processing documents for part-of-speech extraction...
2023-10-24 17:08:41,258 [INFO] Processing documents for part-of-speech extraction...
2023-10-24 17:08:41,418 [INFO] Processing documents for part-of-speech extraction...
2023-10-24 17:08:41,536 [INFO] Processing documents for part-of-speech extraction...
2023-10-24 17:08:41,605 [INFO] Processing documents for part-of-speech extraction...
2023-10-24 17:08:41,727 [INFO] Processing documents for part-of-speech extraction...
2023-10-24 17:08:41,974 [INFO] Processing documents for part-of-speech extraction...
2023-10-24 17:08:42,100 [INFO] Processing documents for part-of-speech extraction...
2023-10-24 17:08:42,330 [INFO] Processing documents for part-of-speech extraction...
2023-10-24 17:08:42,438 [INFO] Processing documents for part-of-speech extraction...
2023-10-24 17:08:42,545 [INFO] Processing documents for part-of-speech extraction...
2023-10-24 17:08:42,616 [INFO] Processing documents for part-of-speech extraction...
2023-10-24 17:08:42,907 [INFO] Processing documents for part-of-speech extraction...
2023-10-24 17:08:43,029 [INFO] Processing documents for part-of-speech extraction...
2023-10-24 17:08:43,067 [INFO] Processing documents for part-of-speech extraction...
2023-10-24 17:08:43,207 [INFO] Processing documents for part-of-speech extraction...
2023-10-24 17:08:43,374 [INFO] Processing documents for part-of-speech extraction...
2023-10-24 17:08:43,522 [INFO] Processing documents for part-of-speech extraction...
2023-10-24 17:08:43,625 [INFO] Processing documents for part-of-speech extraction...
2023-10-24 17:08:43,695 [INFO] Processing documents for part-of-speech extraction...
2023-10-24 17:08:43,861 [INFO] Processing documents for part-of-speech extraction...
2023-10-24 17:08:44,023 [INFO] Processing documents for part-of-speech extraction...
2023-10-24 17:08:44,078 [INFO] Processing documents for part-of-speech extraction...
2023-10-24 17:08:44,180 [INFO] Processing documents for part-of-speech extraction...
2023-10-24 17:08:44,314 [INFO] Processing documents for part-of-speech extraction...
2023-10-24 17:08:44,425 [INFO] Processing documents for part-of-speech extraction...
2023-10-24 17:08:44,448 [INFO] Processing documents for part-of-speech extraction...
2023-10-24 17:08:44,518 [INFO] Processing documents for part-of-speech extraction...
2023-10-24 17:08:44,635 [INFO] Processing documents for part-of-speech extraction...
2023-10-24 17:08:44,705 [INFO] Processing documents for part-of-speech extraction...
2023-10-24 17:08:44,842 [INFO] Processing documents for part-of-speech extraction...
2023-10-24 17:08:44,977 [INFO] Processing documents for part-of-speech extraction...
2023-10-24 17:08:45,095 [INFO] Processing documents for part-of-speech extraction...
2023-10-24 17:08:45,229 [INFO] Processing documents for part-of-speech extraction...
2023-10-24 17:08:45,378 [INFO] Processing documents for part-of-speech extraction...
2023-10-24 17:08:45,529 [INFO] Processing documents for part-of-speech extraction...
2023-10-24 17:08:45,632 [INFO] Processing documents for part-of-speech extraction...
2023-10-24 17:08:45,717 [INFO] Processing documents for part-of-speech extraction...
2023-10-24 17:08:45,917 [INFO] Processing documents for part-of-speech extraction...
2023-10-24 17:08:46,034 [INFO] Processing documents for part-of-speech extraction...
2023-10-24 17:08:46,177 [INFO] Processing documents for part-of-speech extraction...
2023-10-24 17:08:46,311 [INFO] Processing documents for part-of-speech extraction...
2023-10-24 17:08:46,382 [INFO] Processing documents for part-of-speech extraction...
2023-10-24 17:08:46,562 [INFO] Processing documents for part-of-speech extraction...
2023-10-24 17:08:46,633 [INFO] Processing documents for part-of-speech extraction...
2023-10-24 17:08:46,688 [INFO] Processing documents for part-of-speech extraction...
2023-10-24 17:08:46,836 [INFO] Processing documents for part-of-speech extraction...
2023-10-24 17:08:46,889 [INFO] Processing documents for part-of-speech extraction...
2023-10-24 17:08:46,992 [INFO] Processing documents for part-of-speech extraction...
2023-10-24 17:08:47,169 [INFO] Processing documents for part-of-speech extraction...
2023-10-24 17:08:47,281 [INFO] Processing documents for part-of-speech extraction...
2023-10-24 17:08:47,351 [INFO] Processing documents for part-of-speech extraction...
2023-10-24 17:08:47,446 [INFO] Processing documents for part-of-speech extraction...
2023-10-24 17:08:47,471 [INFO] Processing documents for part-of-speech extraction...
2023-10-24 17:08:47,562 [INFO] Processing documents for part-of-speech extraction...
2023-10-24 17:08:47,600 [INFO] Processing documents for part-of-speech extraction...
2023-10-24 17:08:47,687 [INFO] Processing documents for part-of-speech extraction...
2023-10-24 17:08:47,745 [INFO] Processing documents for part-of-speech extraction...
2023-10-24 17:08:47,847 [INFO] Processing documents for part-of-speech extraction...
2023-10-24 17:08:47,918 [INFO] Processing documents for part-of-speech extraction...
2023-10-24 17:08:47,988 [INFO] Processing documents for part-of-speech extraction...
2023-10-24 17:08:48,061 [INFO] Processing documents for part-of-speech extraction...
2023-10-24 17:08:48,147 [INFO] Processing documents for part-of-speech extraction...
2023-10-24 17:08:48,228 [INFO] Processing documents for part-of-speech extraction...
2023-10-24 17:08:48,267 [INFO] Processing documents for part-of-speech extraction...
2023-10-24 17:08:48,312 [INFO] Processing documents for part-of-speech extraction...
2023-10-24 17:08:48,366 [INFO] Processing documents for part-of-speech extraction...
2023-10-24 17:08:48,384 [INFO] Writing pos to csv...
2023-10-24 17:08:48,389 [INFO] Pushing pos to BigQuery...
2023-10-24 17:08:48,801 [INFO] Dataset dmrc-data.WordFlow_AnalyticsEngine already exists
2023-10-24 17:08:48,801 [INFO] Pushing temp file to BigQuery dataset...
2023-10-24 17:08:49,172 [INFO] Table exists
2023-10-24 17:10:24,673 [INFO] Loaded records rows and 49 columns to dmrc-data.WordFlow_AnalyticsEngine.facebook_posts_australia_stanza_part_of_speech
2023-10-24 17:10:24,673 [INFO] Results of pos successfully pushed to BigQuery!

